[+] Containers:
 |- [+] Container: /Game/MainLevel/TheOfficeRW
 |   |- [+] ActorDescs:
 |   |   |- Guid:0374CAD546E861D0C482F083C657E895 BaseClass: NativeClass:/Script/Engine.StaticMeshActor Name:StaticMeshActor_UAID_7A79191F1164337E02_1962886527 Label:EnemyRobot01 SpatiallyLoaded:1 Bounds:IsValid=true, Min=(X=1874.210 Y=1571.353 Z=59.693), Max=(X=1874.210 Y=1571.353 Z=59.693) RuntimeGrid:None EditorOnly:0 RuntimeOnly:0 HLODRelevant:0 ListedInSceneOutliner:1 IsMainWorldOnly:0
 |   |   |- Guid:092379364F970B7A224AEE94697B5909 BaseClass: NativeClass:/Script/Engine.StaticMeshActor Name:StaticMeshActor_19 Label:SM_Cube3 SpatiallyLoaded:1 Bounds:IsValid=true, Min=(X=0.000 Y=3400.000 Z=0.000), Max=(X=3000.000 Y=3500.000 Z=400.000) RuntimeGrid:None EditorOnly:0 RuntimeOnly:0 HLODRelevant:1 ListedInSceneOutliner:1 IsMainWorldOnly:0 FolderPath:Playground FolderGuid:9FE5E8B349AF71F05F2688921F3F2AC5
 |   |   |- Guid:0B5EDA9C443AB1D842FC3093857D1BCC BaseClass: NativeClass:/Script/Engine.PlayerStart Name:PlayerStart_0 Label:PlayerStart SpatiallyLoaded:0 Bounds:IsValid=true, Min=(X=960.000 Y=-1110.000 Z=0.013), Max=(X=1040.000 Y=-1030.000 Z=184.013) RuntimeGrid:None EditorOnly:0 RuntimeOnly:0 HLODRelevant:0 ListedInSceneOutliner:1 IsMainWorldOnly:0
 |   |   |- Guid:13E4F1EF459402D34D70F99200A95CD6 BaseClass: NativeClass:/Script/Engine.SkyAtmosphere Name:SkyAtmosphere_1 Label:SkyAtmosphere SpatiallyLoaded:0 Bounds:IsValid=true, Min=(X=0.000 Y=0.000 Z=1020.000), Max=(X=0.000 Y=0.000 Z=1020.000) RuntimeGrid:None EditorOnly:0 RuntimeOnly:0 HLODRelevant:0 ListedInSceneOutliner:1 IsMainWorldOnly:0 FolderPath:Lighting FolderGuid:4C9334684BA61B42C769F799D2576455
 |   |   |- Guid:15DB744948F2B3FF94098B9302A4D62E BaseClass: NativeClass:/Script/Engine.StaticMeshActor Name:StaticMeshActor_UAID_74D4DD3647C6607E02_1887739447 Label:SM_OutsideFence2 SpatiallyLoaded:1 Bounds:IsValid=true, Min=(X=680.000 Y=-1930.000 Z=0.000), Max=(X=1320.000 Y=-1890.000 Z=200.000) RuntimeGrid:None EditorOnly:0 RuntimeOnly:0 HLODRelevant:1 ListedInSceneOutliner:1 IsMainWorldOnly:0
 |   |   |- Guid:1A18C9804E7E987499594C8DDAD9A612 BaseClass: NativeClass:/Script/Engine.StaticMeshActor Name:StaticMeshActor_UAID_74D4DD3647C6627E02_1525827805 Label:SM_Cylinder14 SpatiallyLoaded:1 Bounds:IsValid=true, Min=(X=2150.000 Y=-210.000 Z=200.000), Max=(X=2350.000 Y=-10.000 Z=650.000) RuntimeGrid:None EditorOnly:0 RuntimeOnly:0 HLODRelevant:1 ListedInSceneOutliner:1 IsMainWorldOnly:0 FolderPath:Pillars FolderGuid:BB8AF4C246C38D173850E8B115A3DCFE
 |   |   |- Guid:1F9A23874D1180CB7350739B7C441A87 BaseClass: NativeClass:/Script/Engine.StaticMeshActor Name:StaticMeshActor_UAID_74D4DD3647C6607E02_2072742449 Label:SM_OutsideFence8 SpatiallyLoaded:1 Bounds:IsValid=true, Min=(X=-0.000 Y=-1890.000 Z=0.000), Max=(X=40.000 Y=-1250.000 Z=200.000) RuntimeGrid:None EditorOnly:0 RuntimeOnly:0 HLODRelevant:1 ListedInSceneOutliner:1 IsMainWorldOnly:0
 |   |   |- Guid:2134AF0F48470711B9F6208C95EBE5CC BaseClass: NativeClass:/Script/Engine.StaticMeshActor Name:StaticMeshActor_UAID_74D4DD3647C6607E02_2031598447 Label:SM_OutsideFence6 SpatiallyLoaded:1 Bounds:IsValid=true, Min=(X=3200.000 Y=-1890.000 Z=0.000), Max=(X=3240.000 Y=-1250.000 Z=200.000) RuntimeGrid:None EditorOnly:0 RuntimeOnly:0 HLODRelevant:1 ListedInSceneOutliner:1 IsMainWorldOnly:0
 |   |   |- Guid:24EC2C6D455166CA839748BA6086B451 BaseClass: NativeClass:/Script/Engine.StaticMeshActor Name:StaticMeshActor_UAID_74D4DD3647C6607E02_2052329448 Label:SM_OutsideFence7 SpatiallyLoaded:1 Bounds:IsValid=true, Min=(X=3200.000 Y=-1250.000 Z=0.000), Max=(X=3240.000 Y=-610.000 Z=200.000) RuntimeGrid:None EditorOnly:0 RuntimeOnly:0 HLODRelevant:1 ListedInSceneOutliner:1 IsMainWorldOnly:0
 |   |   |- Guid:34550A2447EF14BA6FFEFDA9B17CBD0B BaseClass: NativeClass:/Script/Engine.SkyLight Name:SkyLight_1 Label:SkyLight SpatiallyLoaded:0 Bounds:IsValid=true, Min=(X=0.000 Y=0.000 Z=690.000), Max=(X=0.000 Y=0.000 Z=690.000) RuntimeGrid:None EditorOnly:0 RuntimeOnly:0 HLODRelevant:0 ListedInSceneOutliner:1 IsMainWorldOnly:0 FolderPath:Lighting FolderGuid:4C9334684BA61B42C769F799D2576455
 |   |   |- Guid:4AD5C3344B08C60AFC71F7ACFACABB97 BaseClass: NativeClass:/Script/Engine.StaticMeshActor Name:StaticMeshActor_17 Label:SM_Cube SpatiallyLoaded:1 Bounds:IsValid=true, Min=(X=-0.000 Y=-1930.283 Z=-50.000), Max=(X=3240.000 Y=5469.717 Z=0.000) RuntimeGrid:None EditorOnly:0 RuntimeOnly:0 HLODRelevant:1 ListedInSceneOutliner:1 IsMainWorldOnly:0 FolderPath:Playground FolderGuid:9FE5E8B349AF71F05F2688921F3F2AC5
 |   |   |- Guid:507A58DD46F4C38AAFDDE4926269695F BaseClass: NativeClass:/Script/Engine.StaticMeshActor Name:StaticMeshActor_2 Label:SM_Cylinder6 SpatiallyLoaded:1 Bounds:IsValid=true, Min=(X=250.000 Y=-210.000 Z=200.000), Max=(X=450.000 Y=-10.000 Z=650.000) RuntimeGrid:None EditorOnly:0 RuntimeOnly:0 HLODRelevant:1 ListedInSceneOutliner:1 IsMainWorldOnly:0 FolderPath:Pillars FolderGuid:BB8AF4C246C38D173850E8B115A3DCFE
 |   |   |- Guid:5E67E010459AA1416900B9B9A063DFFA BaseClass: NativeClass:/Script/AIModule.NavLinkProxy Name:NavLinkProxy_3 Label:NavLinkProxy3 SpatiallyLoaded:1 Bounds:IsValid=true, Min=(X=2240.000 Y=-1420.000 Z=90.000), Max=(X=2240.000 Y=-1420.000 Z=90.000) RuntimeGrid:None EditorOnly:0 RuntimeOnly:0 HLODRelevant:0 ListedInSceneOutliner:1 IsMainWorldOnly:0 FolderPath:Navigation FolderGuid:AE45D61F453CC144CF8289862C276E89
 |   |   |- Guid:5FD5916D45E2D9FF4D565FB7EC5E9E1F BaseClass: NativeClass:/Script/Engine.StaticMeshActor Name:StaticMeshActor_UAID_7A79191F1164E47D02_1475972624 Label:PM2_Office_Cubicles SpatiallyLoaded:1 Bounds:IsValid=true, Min=(X=822.804 Y=1959.931 Z=715.063), Max=(X=1424.531 Y=2260.224 Z=865.063) RuntimeGrid:None EditorOnly:0 RuntimeOnly:0 HLODRelevant:1 ListedInSceneOutliner:1 IsMainWorldOnly:0
 |   |   |- Guid:799AD3D147A58096FC589F848EEF272D BaseClass: NativeClass:/Script/Engine.SkeletalMeshActor Name:SkeletalMeshActor_UAID_7A79191F1164357E02_1681192882 Label:EnemyRobot2 SpatiallyLoaded:1 Bounds:IsValid=true, Min=(X=1774.780 Y=5093.669 Z=-0.000), Max=(X=1899.383 Y=5218.272 Z=150.282) RuntimeGrid:None EditorOnly:0 RuntimeOnly:0 HLODRelevant:0 ListedInSceneOutliner:1 IsMainWorldOnly:0
 |   |   |- Guid:8933AD1240DF869F3743E58D55023C65 BaseClass: NativeClass:/Script/Engine.PostProcessVolume Name:PostProcessVolume_1 Label:PostProcessVolume SpatiallyLoaded:0 Bounds:IsValid=true, Min=(X=0.000 Y=0.000 Z=400.000), Max=(X=200.000 Y=200.000 Z=600.000) RuntimeGrid:None EditorOnly:0 RuntimeOnly:0 HLODRelevant:0 ListedInSceneOutliner:1 IsMainWorldOnly:0 FolderPath:Lighting FolderGuid:4C9334684BA61B42C769F799D2576455
 |   |   |- Guid:8A09B12E458C0D24CE301ABC6C7F1A22 BaseClass: NativeClass:/Script/Engine.StaticMeshActor Name:StaticMeshActor_UAID_74D4DD3647C6607E02_1908929450 Label:SM_OutsideFence5 SpatiallyLoaded:1 Bounds:IsValid=true, Min=(X=2600.000 Y=-1930.000 Z=0.000), Max=(X=3240.000 Y=-1890.000 Z=200.000) RuntimeGrid:None EditorOnly:0 RuntimeOnly:0 HLODRelevant:1 ListedInSceneOutliner:1 IsMainWorldOnly:0
 |   |   |- Guid:8AFAA3BC4F4126F06DD182BF55D86F73 BaseClass: NativeClass:/Script/Engine.StaticMeshActor Name:StaticMeshActor_UAID_74D4DD3647C6627E02_1529878806 Label:SM_Cylinder16 SpatiallyLoaded:1 Bounds:IsValid=true, Min=(X=2800.000 Y=-210.000 Z=200.000), Max=(X=3000.000 Y=-10.000 Z=650.000) RuntimeGrid:None EditorOnly:0 RuntimeOnly:0 HLODRelevant:1 ListedInSceneOutliner:1 IsMainWorldOnly:0 FolderPath:Pillars FolderGuid:BB8AF4C246C38D173850E8B115A3DCFE
 |   |   |- Guid:94B671C64D73BB2D21CB429C91102805 BaseClass: NativeClass:/Script/Engine.Emitter Name:Emitter_UAID_74D4DD3647C6647E02_1785469160 Label:P_Steam_Lit SpatiallyLoaded:1 Bounds:IsValid=true, Min=(X=728.563 Y=-346.929 Z=-4.086), Max=(X=1346.757 Y=286.457 Z=696.603) RuntimeGrid:None EditorOnly:0 RuntimeOnly:0 HLODRelevant:0 ListedInSceneOutliner:1 IsMainWorldOnly:0
 |   |   |- Guid:9684E5FB4C2A0E314CC03E95FD0FC350 BaseClass: NativeClass:/Script/Engine.SkeletalMeshActor Name:SkeletalMeshActor_UAID_7A79191F1164357E02_1535686881 Label:EnemyRobot02_Skeleton SpatiallyLoaded:1 Bounds:IsValid=true, Min=(X=1575.895 Y=5174.517 Z=0.783), Max=(X=1714.721 Y=5249.471 Z=147.920) RuntimeGrid:None EditorOnly:0 RuntimeOnly:0 HLODRelevant:0 ListedInSceneOutliner:1 IsMainWorldOnly:0
 |   |   |- Guid:99F2D602447912C77A7BE28270F50784 BaseClass: NativeClass:/Script/Engine.StaticMeshActor Name:StaticMeshActor_UAID_74D4DD3647C6607E02_1903889449 Label:SM_OutsideFence4 SpatiallyLoaded:1 Bounds:IsValid=true, Min=(X=1960.000 Y=-1930.000 Z=0.000), Max=(X=2600.000 Y=-1890.000 Z=200.000) RuntimeGrid:None EditorOnly:0 RuntimeOnly:0 HLODRelevant:1 ListedInSceneOutliner:1 IsMainWorldOnly:0
 |   |   |- Guid:9B8E1F984617928536F557ADD476316C BaseClass: NativeClass:/Script/Engine.VolumetricCloud Name:VolumetricCloud_0 Label:VolumetricCloud SpatiallyLoaded:0 Bounds:IsValid=true, Min=(X=0.000 Y=0.000 Z=820.000), Max=(X=0.000 Y=0.000 Z=820.000) RuntimeGrid:None EditorOnly:0 RuntimeOnly:0 HLODRelevant:0 ListedInSceneOutliner:1 IsMainWorldOnly:0 FolderPath:Lighting FolderGuid:4C9334684BA61B42C769F799D2576455
 |   |   |- Guid:AAB468E8402825C8ECD72E9C218C24A8 BaseClass: NativeClass:/Script/Engine.StaticMeshActor Name:StaticMeshActor_UAID_74D4DD3647C6607E02_2072745450 Label:SM_OutsideFence9 SpatiallyLoaded:1 Bounds:IsValid=true, Min=(X=-0.000 Y=-1250.000 Z=0.000), Max=(X=40.000 Y=-610.000 Z=200.000) RuntimeGrid:None EditorOnly:0 RuntimeOnly:0 HLODRelevant:1 ListedInSceneOutliner:1 IsMainWorldOnly:0
 |   |   |- Guid:AB2CDBDD414960904DEE2197492450AA BaseClass: NativeClass:/Script/Engine.DirectionalLight Name:DirectionalLight_1 Label:DirectionalLight SpatiallyLoaded:0 Bounds:Invalid RuntimeGrid:None EditorOnly:0 RuntimeOnly:0 HLODRelevant:0 ListedInSceneOutliner:1 IsMainWorldOnly:0 FolderPath:Lighting FolderGuid:4C9334684BA61B42C769F799D2576455
 |   |   |- Guid:AC6662A949D2E5AF1CDF359158E80F8D BaseClass: NativeClass:/Script/Engine.ExponentialHeightFog Name:ExponentialHeightFog_1 Label:ExponentialHeightFog SpatiallyLoaded:0 Bounds:IsValid=true, Min=(X=-5600.000 Y=-50.000 Z=-6850.000), Max=(X=-5600.000 Y=-50.000 Z=-6850.000) RuntimeGrid:None EditorOnly:0 RuntimeOnly:0 HLODRelevant:0 ListedInSceneOutliner:1 IsMainWorldOnly:0 FolderPath:Lighting FolderGuid:4C9334684BA61B42C769F799D2576455
 |   |   |- Guid:BAD289784FA09CEB8669D4845E20DB56 BaseClass: NativeClass:/Script/Engine.StaticMeshActor Name:StaticMeshActor_UAID_7A79191F1164347E02_1176140705 Label:EnemyRobot02 SpatiallyLoaded:1 Bounds:IsValid=true, Min=(X=1698.935 Y=1484.274 Z=-0.000), Max=(X=1698.935 Y=1484.274 Z=-0.000) RuntimeGrid:None EditorOnly:0 RuntimeOnly:0 HLODRelevant:0 ListedInSceneOutliner:1 IsMainWorldOnly:0
 |   |   |- Guid:C2F0A1F74E16EA5CB9A2F6BE1AC1AB0D BaseClass: NativeClass:/Script/Engine.StaticMeshActor Name:StaticMeshActor_UAID_74D4DD3647C6627E02_1505851803 Label:SM_Cylinder12 SpatiallyLoaded:1 Bounds:IsValid=true, Min=(X=900.000 Y=-210.000 Z=200.000), Max=(X=1100.000 Y=-10.000 Z=650.000) RuntimeGrid:None EditorOnly:0 RuntimeOnly:0 HLODRelevant:1 ListedInSceneOutliner:1 IsMainWorldOnly:0 FolderPath:Pillars FolderGuid:BB8AF4C246C38D173850E8B115A3DCFE
 |   |   |- Guid:D7B6BF8847DBD34C6B72B4A60175FEA1 BaseClass: NativeClass:/Script/Engine.WorldDataLayers Name:WorldDataLayers Label:WorldDataLayers SpatiallyLoaded:0 Bounds:Invalid RuntimeGrid:None EditorOnly:0 RuntimeOnly:0 HLODRelevant:0 ListedInSceneOutliner:1 IsMainWorldOnly:1
 |   |   |- Guid:DCE597DA44CFFDB62B9C18B4061E8353 BaseClass: NativeClass:/Script/Engine.StaticMeshActor Name:StaticMeshActor_UAID_A4AE111137DC5CFB00_1660657071 Label:SM_SkySphere SpatiallyLoaded:0 Bounds:IsValid=true, Min=(X=-1638400.000 Y=-1826816.000 Z=-1638400.000), Max=(X=1638400.000 Y=1826816.000 Z=1638400.000) RuntimeGrid:None EditorOnly:0 RuntimeOnly:0 HLODRelevant:0 ListedInSceneOutliner:1 IsMainWorldOnly:0 FolderPath:Lighting FolderGuid:4C9334684BA61B42C769F799D2576455
 |   |   |- Guid:E2CE2C3146DB923DFF74358204404B5A BaseClass: NativeClass:/Script/Niagara.NiagaraActor Name:NiagaraActor_UAID_7A79191F1164447E02_1661038519 Label:NS_Explosions01 SpatiallyLoaded:1 Bounds:IsValid=true, Min=(X=1468.146 Y=4553.267 Z=-154.360), Max=(X=1814.990 Y=5027.416 Z=310.633) RuntimeGrid:None EditorOnly:0 RuntimeOnly:0 HLODRelevant:0 ListedInSceneOutliner:1 IsMainWorldOnly:0
 |   |   |- Guid:E4E358A340F73266147C21A68951BC8F BaseClass: NativeClass:/Script/Engine.StaticMeshActor Name:StaticMeshActor_UAID_74D4DD3647C6607E02_1898730448 Label:SM_OutsideFence3 SpatiallyLoaded:1 Bounds:IsValid=true, Min=(X=1320.000 Y=-1930.000 Z=0.000), Max=(X=1960.000 Y=-1890.000 Z=200.000) RuntimeGrid:None EditorOnly:0 RuntimeOnly:0 HLODRelevant:1 ListedInSceneOutliner:1 IsMainWorldOnly:0
 |   |   |- Guid:EC4C9BDF4983D8FC4D6C97A3E134B686 BaseClass: NativeClass:/Script/Engine.StaticMeshActor Name:StaticMeshActor_UAID_74D4DD3647C65F7E02_1786050271 Label:SM_OutsideFence SpatiallyLoaded:1 Bounds:IsValid=true, Min=(X=40.000 Y=-1930.000 Z=0.000), Max=(X=680.000 Y=-1890.000 Z=200.000) RuntimeGrid:None EditorOnly:0 RuntimeOnly:0 HLODRelevant:1 ListedInSceneOutliner:1 IsMainWorldOnly:0
 |   |   |- Guid:FC9972F846314A2D36024085CF204FDE BaseClass: NativeClass:/Script/NavigationSystem.NavMeshBoundsVolume Name:NavMeshBoundsVolume_1 Label:NavMeshBoundsVolume SpatiallyLoaded:0 Bounds:IsValid=true, Min=(X=-500.000 Y=-1973.125 Z=-110.000), Max=(X=3500.000 Y=5473.125 Z=390.000) RuntimeGrid:None EditorOnly:0 RuntimeOnly:0 HLODRelevant:0 ListedInSceneOutliner:1 IsMainWorldOnly:0 FolderPath:Navigation FolderGuid:AE45D61F453CC144CF8289862C276E89
 |   |- [+] Clusters:
 |   |   |- [+] [  0]
 |   |   |   |- Guid:0374CAD546E861D0C482F083C657E895 BaseClass: NativeClass:/Script/Engine.StaticMeshActor Name:StaticMeshActor_UAID_7A79191F1164337E02_1962886527 Label:EnemyRobot01 SpatiallyLoaded:1 Bounds:IsValid=true, Min=(X=1874.210 Y=1571.353 Z=59.693), Max=(X=1874.210 Y=1571.353 Z=59.693) RuntimeGrid:None EditorOnly:0 RuntimeOnly:0 HLODRelevant:0 ListedInSceneOutliner:1 IsMainWorldOnly:0
 |   |   |- [+] [  1]
 |   |   |   |- Guid:092379364F970B7A224AEE94697B5909 BaseClass: NativeClass:/Script/Engine.StaticMeshActor Name:StaticMeshActor_19 Label:SM_Cube3 SpatiallyLoaded:1 Bounds:IsValid=true, Min=(X=0.000 Y=3400.000 Z=0.000), Max=(X=3000.000 Y=3500.000 Z=400.000) RuntimeGrid:None EditorOnly:0 RuntimeOnly:0 HLODRelevant:1 ListedInSceneOutliner:1 IsMainWorldOnly:0 FolderPath:Playground FolderGuid:9FE5E8B349AF71F05F2688921F3F2AC5
 |   |   |- [+] [  2]
 |   |   |   |- Guid:0B5EDA9C443AB1D842FC3093857D1BCC BaseClass: NativeClass:/Script/Engine.PlayerStart Name:PlayerStart_0 Label:PlayerStart SpatiallyLoaded:0 Bounds:IsValid=true, Min=(X=960.000 Y=-1110.000 Z=0.013), Max=(X=1040.000 Y=-1030.000 Z=184.013) RuntimeGrid:None EditorOnly:0 RuntimeOnly:0 HLODRelevant:0 ListedInSceneOutliner:1 IsMainWorldOnly:0
 |   |   |- [+] [  3]
 |   |   |   |- Guid:13E4F1EF459402D34D70F99200A95CD6 BaseClass: NativeClass:/Script/Engine.SkyAtmosphere Name:SkyAtmosphere_1 Label:SkyAtmosphere SpatiallyLoaded:0 Bounds:IsValid=true, Min=(X=0.000 Y=0.000 Z=1020.000), Max=(X=0.000 Y=0.000 Z=1020.000) RuntimeGrid:None EditorOnly:0 RuntimeOnly:0 HLODRelevant:0 ListedInSceneOutliner:1 IsMainWorldOnly:0 FolderPath:Lighting FolderGuid:4C9334684BA61B42C769F799D2576455
 |   |   |- [+] [  4]
 |   |   |   |- Guid:15DB744948F2B3FF94098B9302A4D62E BaseClass: NativeClass:/Script/Engine.StaticMeshActor Name:StaticMeshActor_UAID_74D4DD3647C6607E02_1887739447 Label:SM_OutsideFence2 SpatiallyLoaded:1 Bounds:IsValid=true, Min=(X=680.000 Y=-1930.000 Z=0.000), Max=(X=1320.000 Y=-1890.000 Z=200.000) RuntimeGrid:None EditorOnly:0 RuntimeOnly:0 HLODRelevant:1 ListedInSceneOutliner:1 IsMainWorldOnly:0
 |   |   |- [+] [  5]
 |   |   |   |- Guid:1A18C9804E7E987499594C8DDAD9A612 BaseClass: NativeClass:/Script/Engine.StaticMeshActor Name:StaticMeshActor_UAID_74D4DD3647C6627E02_1525827805 Label:SM_Cylinder14 SpatiallyLoaded:1 Bounds:IsValid=true, Min=(X=2150.000 Y=-210.000 Z=200.000), Max=(X=2350.000 Y=-10.000 Z=650.000) RuntimeGrid:None EditorOnly:0 RuntimeOnly:0 HLODRelevant:1 ListedInSceneOutliner:1 IsMainWorldOnly:0 FolderPath:Pillars FolderGuid:BB8AF4C246C38D173850E8B115A3DCFE
 |   |   |- [+] [  6]
 |   |   |   |- Guid:1F9A23874D1180CB7350739B7C441A87 BaseClass: NativeClass:/Script/Engine.StaticMeshActor Name:StaticMeshActor_UAID_74D4DD3647C6607E02_2072742449 Label:SM_OutsideFence8 SpatiallyLoaded:1 Bounds:IsValid=true, Min=(X=-0.000 Y=-1890.000 Z=0.000), Max=(X=40.000 Y=-1250.000 Z=200.000) RuntimeGrid:None EditorOnly:0 RuntimeOnly:0 HLODRelevant:1 ListedInSceneOutliner:1 IsMainWorldOnly:0
 |   |   |- [+] [  7]
 |   |   |   |- Guid:2134AF0F48470711B9F6208C95EBE5CC BaseClass: NativeClass:/Script/Engine.StaticMeshActor Name:StaticMeshActor_UAID_74D4DD3647C6607E02_2031598447 Label:SM_OutsideFence6 SpatiallyLoaded:1 Bounds:IsValid=true, Min=(X=3200.000 Y=-1890.000 Z=0.000), Max=(X=3240.000 Y=-1250.000 Z=200.000) RuntimeGrid:None EditorOnly:0 RuntimeOnly:0 HLODRelevant:1 ListedInSceneOutliner:1 IsMainWorldOnly:0
 |   |   |- [+] [  8]
 |   |   |   |- Guid:24EC2C6D455166CA839748BA6086B451 BaseClass: NativeClass:/Script/Engine.StaticMeshActor Name:StaticMeshActor_UAID_74D4DD3647C6607E02_2052329448 Label:SM_OutsideFence7 SpatiallyLoaded:1 Bounds:IsValid=true, Min=(X=3200.000 Y=-1250.000 Z=0.000), Max=(X=3240.000 Y=-610.000 Z=200.000) RuntimeGrid:None EditorOnly:0 RuntimeOnly:0 HLODRelevant:1 ListedInSceneOutliner:1 IsMainWorldOnly:0
 |   |   |- [+] [  9]
 |   |   |   |- Guid:34550A2447EF14BA6FFEFDA9B17CBD0B BaseClass: NativeClass:/Script/Engine.SkyLight Name:SkyLight_1 Label:SkyLight SpatiallyLoaded:0 Bounds:IsValid=true, Min=(X=0.000 Y=0.000 Z=690.000), Max=(X=0.000 Y=0.000 Z=690.000) RuntimeGrid:None EditorOnly:0 RuntimeOnly:0 HLODRelevant:0 ListedInSceneOutliner:1 IsMainWorldOnly:0 FolderPath:Lighting FolderGuid:4C9334684BA61B42C769F799D2576455
 |   |   |- [+] [ 10]
 |   |   |   |- Guid:4AD5C3344B08C60AFC71F7ACFACABB97 BaseClass: NativeClass:/Script/Engine.StaticMeshActor Name:StaticMeshActor_17 Label:SM_Cube SpatiallyLoaded:1 Bounds:IsValid=true, Min=(X=-0.000 Y=-1930.283 Z=-50.000), Max=(X=3240.000 Y=5469.717 Z=0.000) RuntimeGrid:None EditorOnly:0 RuntimeOnly:0 HLODRelevant:1 ListedInSceneOutliner:1 IsMainWorldOnly:0 FolderPath:Playground FolderGuid:9FE5E8B349AF71F05F2688921F3F2AC5
 |   |   |- [+] [ 11]
 |   |   |   |- Guid:507A58DD46F4C38AAFDDE4926269695F BaseClass: NativeClass:/Script/Engine.StaticMeshActor Name:StaticMeshActor_2 Label:SM_Cylinder6 SpatiallyLoaded:1 Bounds:IsValid=true, Min=(X=250.000 Y=-210.000 Z=200.000), Max=(X=450.000 Y=-10.000 Z=650.000) RuntimeGrid:None EditorOnly:0 RuntimeOnly:0 HLODRelevant:1 ListedInSceneOutliner:1 IsMainWorldOnly:0 FolderPath:Pillars FolderGuid:BB8AF4C246C38D173850E8B115A3DCFE
 |   |   |- [+] [ 12]
 |   |   |   |- Guid:5E67E010459AA1416900B9B9A063DFFA BaseClass: NativeClass:/Script/AIModule.NavLinkProxy Name:NavLinkProxy_3 Label:NavLinkProxy3 SpatiallyLoaded:1 Bounds:IsValid=true, Min=(X=2240.000 Y=-1420.000 Z=90.000), Max=(X=2240.000 Y=-1420.000 Z=90.000) RuntimeGrid:None EditorOnly:0 RuntimeOnly:0 HLODRelevant:0 ListedInSceneOutliner:1 IsMainWorldOnly:0 FolderPath:Navigation FolderGuid:AE45D61F453CC144CF8289862C276E89
 |   |   |- [+] [ 13]
 |   |   |   |- Guid:5FD5916D45E2D9FF4D565FB7EC5E9E1F BaseClass: NativeClass:/Script/Engine.StaticMeshActor Name:StaticMeshActor_UAID_7A79191F1164E47D02_1475972624 Label:PM2_Office_Cubicles SpatiallyLoaded:1 Bounds:IsValid=true, Min=(X=822.804 Y=1959.931 Z=715.063), Max=(X=1424.531 Y=2260.224 Z=865.063) RuntimeGrid:None EditorOnly:0 RuntimeOnly:0 HLODRelevant:1 ListedInSceneOutliner:1 IsMainWorldOnly:0
 |   |   |- [+] [ 14]
 |   |   |   |- Guid:799AD3D147A58096FC589F848EEF272D BaseClass: NativeClass:/Script/Engine.SkeletalMeshActor Name:SkeletalMeshActor_UAID_7A79191F1164357E02_1681192882 Label:EnemyRobot2 SpatiallyLoaded:1 Bounds:IsValid=true, Min=(X=1774.780 Y=5093.669 Z=-0.000), Max=(X=1899.383 Y=5218.272 Z=150.282) RuntimeGrid:None EditorOnly:0 RuntimeOnly:0 HLODRelevant:0 ListedInSceneOutliner:1 IsMainWorldOnly:0
 |   |   |- [+] [ 15]
 |   |   |   |- Guid:8933AD1240DF869F3743E58D55023C65 BaseClass: NativeClass:/Script/Engine.PostProcessVolume Name:PostProcessVolume_1 Label:PostProcessVolume SpatiallyLoaded:0 Bounds:IsValid=true, Min=(X=0.000 Y=0.000 Z=400.000), Max=(X=200.000 Y=200.000 Z=600.000) RuntimeGrid:None EditorOnly:0 RuntimeOnly:0 HLODRelevant:0 ListedInSceneOutliner:1 IsMainWorldOnly:0 FolderPath:Lighting FolderGuid:4C9334684BA61B42C769F799D2576455
 |   |   |- [+] [ 16]
 |   |   |   |- Guid:8A09B12E458C0D24CE301ABC6C7F1A22 BaseClass: NativeClass:/Script/Engine.StaticMeshActor Name:StaticMeshActor_UAID_74D4DD3647C6607E02_1908929450 Label:SM_OutsideFence5 SpatiallyLoaded:1 Bounds:IsValid=true, Min=(X=2600.000 Y=-1930.000 Z=0.000), Max=(X=3240.000 Y=-1890.000 Z=200.000) RuntimeGrid:None EditorOnly:0 RuntimeOnly:0 HLODRelevant:1 ListedInSceneOutliner:1 IsMainWorldOnly:0
 |   |   |- [+] [ 17]
 |   |   |   |- Guid:8AFAA3BC4F4126F06DD182BF55D86F73 BaseClass: NativeClass:/Script/Engine.StaticMeshActor Name:StaticMeshActor_UAID_74D4DD3647C6627E02_1529878806 Label:SM_Cylinder16 SpatiallyLoaded:1 Bounds:IsValid=true, Min=(X=2800.000 Y=-210.000 Z=200.000), Max=(X=3000.000 Y=-10.000 Z=650.000) RuntimeGrid:None EditorOnly:0 RuntimeOnly:0 HLODRelevant:1 ListedInSceneOutliner:1 IsMainWorldOnly:0 FolderPath:Pillars FolderGuid:BB8AF4C246C38D173850E8B115A3DCFE
 |   |   |- [+] [ 18]
 |   |   |   |- Guid:94B671C64D73BB2D21CB429C91102805 BaseClass: NativeClass:/Script/Engine.Emitter Name:Emitter_UAID_74D4DD3647C6647E02_1785469160 Label:P_Steam_Lit SpatiallyLoaded:1 Bounds:IsValid=true, Min=(X=728.563 Y=-346.929 Z=-4.086), Max=(X=1346.757 Y=286.457 Z=696.603) RuntimeGrid:None EditorOnly:0 RuntimeOnly:0 HLODRelevant:0 ListedInSceneOutliner:1 IsMainWorldOnly:0
 |   |   |- [+] [ 19]
 |   |   |   |- Guid:9684E5FB4C2A0E314CC03E95FD0FC350 BaseClass: NativeClass:/Script/Engine.SkeletalMeshActor Name:SkeletalMeshActor_UAID_7A79191F1164357E02_1535686881 Label:EnemyRobot02_Skeleton SpatiallyLoaded:1 Bounds:IsValid=true, Min=(X=1575.895 Y=5174.517 Z=0.783), Max=(X=1714.721 Y=5249.471 Z=147.920) RuntimeGrid:None EditorOnly:0 RuntimeOnly:0 HLODRelevant:0 ListedInSceneOutliner:1 IsMainWorldOnly:0
 |   |   |- [+] [ 20]
 |   |   |   |- Guid:99F2D602447912C77A7BE28270F50784 BaseClass: NativeClass:/Script/Engine.StaticMeshActor Name:StaticMeshActor_UAID_74D4DD3647C6607E02_1903889449 Label:SM_OutsideFence4 SpatiallyLoaded:1 Bounds:IsValid=true, Min=(X=1960.000 Y=-1930.000 Z=0.000), Max=(X=2600.000 Y=-1890.000 Z=200.000) RuntimeGrid:None EditorOnly:0 RuntimeOnly:0 HLODRelevant:1 ListedInSceneOutliner:1 IsMainWorldOnly:0
 |   |   |- [+] [ 21]
 |   |   |   |- Guid:9B8E1F984617928536F557ADD476316C BaseClass: NativeClass:/Script/Engine.VolumetricCloud Name:VolumetricCloud_0 Label:VolumetricCloud SpatiallyLoaded:0 Bounds:IsValid=true, Min=(X=0.000 Y=0.000 Z=820.000), Max=(X=0.000 Y=0.000 Z=820.000) RuntimeGrid:None EditorOnly:0 RuntimeOnly:0 HLODRelevant:0 ListedInSceneOutliner:1 IsMainWorldOnly:0 FolderPath:Lighting FolderGuid:4C9334684BA61B42C769F799D2576455
 |   |   |- [+] [ 22]
 |   |   |   |- Guid:AAB468E8402825C8ECD72E9C218C24A8 BaseClass: NativeClass:/Script/Engine.StaticMeshActor Name:StaticMeshActor_UAID_74D4DD3647C6607E02_2072745450 Label:SM_OutsideFence9 SpatiallyLoaded:1 Bounds:IsValid=true, Min=(X=-0.000 Y=-1250.000 Z=0.000), Max=(X=40.000 Y=-610.000 Z=200.000) RuntimeGrid:None EditorOnly:0 RuntimeOnly:0 HLODRelevant:1 ListedInSceneOutliner:1 IsMainWorldOnly:0
 |   |   |- [+] [ 23]
 |   |   |   |- Guid:AB2CDBDD414960904DEE2197492450AA BaseClass: NativeClass:/Script/Engine.DirectionalLight Name:DirectionalLight_1 Label:DirectionalLight SpatiallyLoaded:0 Bounds:Invalid RuntimeGrid:None EditorOnly:0 RuntimeOnly:0 HLODRelevant:0 ListedInSceneOutliner:1 IsMainWorldOnly:0 FolderPath:Lighting FolderGuid:4C9334684BA61B42C769F799D2576455
 |   |   |- [+] [ 24]
 |   |   |   |- Guid:AC6662A949D2E5AF1CDF359158E80F8D BaseClass: NativeClass:/Script/Engine.ExponentialHeightFog Name:ExponentialHeightFog_1 Label:ExponentialHeightFog SpatiallyLoaded:0 Bounds:IsValid=true, Min=(X=-5600.000 Y=-50.000 Z=-6850.000), Max=(X=-5600.000 Y=-50.000 Z=-6850.000) RuntimeGrid:None EditorOnly:0 RuntimeOnly:0 HLODRelevant:0 ListedInSceneOutliner:1 IsMainWorldOnly:0 FolderPath:Lighting FolderGuid:4C9334684BA61B42C769F799D2576455
 |   |   |- [+] [ 25]
 |   |   |   |- Guid:BAD289784FA09CEB8669D4845E20DB56 BaseClass: NativeClass:/Script/Engine.StaticMeshActor Name:StaticMeshActor_UAID_7A79191F1164347E02_1176140705 Label:EnemyRobot02 SpatiallyLoaded:1 Bounds:IsValid=true, Min=(X=1698.935 Y=1484.274 Z=-0.000), Max=(X=1698.935 Y=1484.274 Z=-0.000) RuntimeGrid:None EditorOnly:0 RuntimeOnly:0 HLODRelevant:0 ListedInSceneOutliner:1 IsMainWorldOnly:0
 |   |   |- [+] [ 26]
 |   |   |   |- Guid:C2F0A1F74E16EA5CB9A2F6BE1AC1AB0D BaseClass: NativeClass:/Script/Engine.StaticMeshActor Name:StaticMeshActor_UAID_74D4DD3647C6627E02_1505851803 Label:SM_Cylinder12 SpatiallyLoaded:1 Bounds:IsValid=true, Min=(X=900.000 Y=-210.000 Z=200.000), Max=(X=1100.000 Y=-10.000 Z=650.000) RuntimeGrid:None EditorOnly:0 RuntimeOnly:0 HLODRelevant:1 ListedInSceneOutliner:1 IsMainWorldOnly:0 FolderPath:Pillars FolderGuid:BB8AF4C246C38D173850E8B115A3DCFE
 |   |   |- [+] [ 27]
 |   |   |   |- Guid:D7B6BF8847DBD34C6B72B4A60175FEA1 BaseClass: NativeClass:/Script/Engine.WorldDataLayers Name:WorldDataLayers Label:WorldDataLayers SpatiallyLoaded:0 Bounds:Invalid RuntimeGrid:None EditorOnly:0 RuntimeOnly:0 HLODRelevant:0 ListedInSceneOutliner:1 IsMainWorldOnly:1
 |   |   |- [+] [ 28]
 |   |   |   |- Guid:DCE597DA44CFFDB62B9C18B4061E8353 BaseClass: NativeClass:/Script/Engine.StaticMeshActor Name:StaticMeshActor_UAID_A4AE111137DC5CFB00_1660657071 Label:SM_SkySphere SpatiallyLoaded:0 Bounds:IsValid=true, Min=(X=-1638400.000 Y=-1826816.000 Z=-1638400.000), Max=(X=1638400.000 Y=1826816.000 Z=1638400.000) RuntimeGrid:None EditorOnly:0 RuntimeOnly:0 HLODRelevant:0 ListedInSceneOutliner:1 IsMainWorldOnly:0 FolderPath:Lighting FolderGuid:4C9334684BA61B42C769F799D2576455
 |   |   |- [+] [ 29]
 |   |   |   |- Guid:E2CE2C3146DB923DFF74358204404B5A BaseClass: NativeClass:/Script/Niagara.NiagaraActor Name:NiagaraActor_UAID_7A79191F1164447E02_1661038519 Label:NS_Explosions01 SpatiallyLoaded:1 Bounds:IsValid=true, Min=(X=1468.146 Y=4553.267 Z=-154.360), Max=(X=1814.990 Y=5027.416 Z=310.633) RuntimeGrid:None EditorOnly:0 RuntimeOnly:0 HLODRelevant:0 ListedInSceneOutliner:1 IsMainWorldOnly:0
 |   |   |- [+] [ 30]
 |   |   |   |- Guid:E4E358A340F73266147C21A68951BC8F BaseClass: NativeClass:/Script/Engine.StaticMeshActor Name:StaticMeshActor_UAID_74D4DD3647C6607E02_1898730448 Label:SM_OutsideFence3 SpatiallyLoaded:1 Bounds:IsValid=true, Min=(X=1320.000 Y=-1930.000 Z=0.000), Max=(X=1960.000 Y=-1890.000 Z=200.000) RuntimeGrid:None EditorOnly:0 RuntimeOnly:0 HLODRelevant:1 ListedInSceneOutliner:1 IsMainWorldOnly:0
 |   |   |- [+] [ 31]
 |   |   |   |- Guid:EC4C9BDF4983D8FC4D6C97A3E134B686 BaseClass: NativeClass:/Script/Engine.StaticMeshActor Name:StaticMeshActor_UAID_74D4DD3647C65F7E02_1786050271 Label:SM_OutsideFence SpatiallyLoaded:1 Bounds:IsValid=true, Min=(X=40.000 Y=-1930.000 Z=0.000), Max=(X=680.000 Y=-1890.000 Z=200.000) RuntimeGrid:None EditorOnly:0 RuntimeOnly:0 HLODRelevant:1 ListedInSceneOutliner:1 IsMainWorldOnly:0
 |   |   |- [+] [ 32]
 |   |   |   |- Guid:FC9972F846314A2D36024085CF204FDE BaseClass: NativeClass:/Script/NavigationSystem.NavMeshBoundsVolume Name:NavMeshBoundsVolume_1 Label:NavMeshBoundsVolume SpatiallyLoaded:0 Bounds:IsValid=true, Min=(X=-500.000 Y=-1973.125 Z=-110.000), Max=(X=3500.000 Y=5473.125 Z=390.000) RuntimeGrid:None EditorOnly:0 RuntimeOnly:0 HLODRelevant:0 ListedInSceneOutliner:1 IsMainWorldOnly:0 FolderPath:Navigation FolderGuid:AE45D61F453CC144CF8289862C276E89
 |- ContainerInstances:
 |- [+] MainContainer:
 |   |-        ID: 00000000000000000000000000000000
 |   |-  ParentID: 00000000000000000000000000000000
 |   |-    Bounds: IsValid=false, Min=(X=0.000 Y=0.000 Z=0.000), Max=(X=0.000 Y=0.000 Z=0.000)
 |   |- Transform: 0.000000,0.000000,0.000000|0.000000,0.000000,-0.000000|1.000000,1.000000,1.000000
 |   |- Container: /Game/MainLevel/TheOfficeRW
----------------------------------------------------------------------------------------------------------------
TheOfficeRW - Persistent Level
----------------------------------------------------------------------------------------------------------------
[+] Content of TheOfficeRW Persistent Level
 |- Always loaded Actor Count: 33 
 |- Actor Path: /Game/MainLevel/TheOfficeRW.TheOfficeRW:PersistentLevel.DirectionalLight_1
 |- Actor Package: /Game/__ExternalActors__/MainLevel/TheOfficeRW/1/CK/5F932S26NXM22Q2CPMO2OK
 |- Actor Path: /Game/MainLevel/TheOfficeRW.TheOfficeRW:PersistentLevel.Emitter_UAID_74D4DD3647C6647E02_1785469160
 |- Actor Package: /Game/__ExternalActors__/MainLevel/TheOfficeRW/7/24/Q842EZXBZI2R04R1WNXQWG
 |- Actor Path: /Game/MainLevel/TheOfficeRW.TheOfficeRW:PersistentLevel.ExponentialHeightFog_1
 |- Actor Package: /Game/__ExternalActors__/MainLevel/TheOfficeRW/0/EG/7C494EK6PADY85X8JAL97R
 |- Actor Path: /Game/MainLevel/TheOfficeRW.TheOfficeRW:PersistentLevel.NavLinkProxy_3
 |- Actor Package: /Game/__ExternalActors__/MainLevel/TheOfficeRW/C/1J/ZVMATHQJPF19G8QJM98SVO
 |- Actor Path: /Game/MainLevel/TheOfficeRW.TheOfficeRW:PersistentLevel.NavMeshBoundsVolume_1
 |- Actor Package: /Game/__ExternalActors__/MainLevel/TheOfficeRW/D/FQ/SMKJBW9XR1VFDZNGO8DU43
 |- Actor Path: /Game/MainLevel/TheOfficeRW.TheOfficeRW:PersistentLevel.NiagaraActor_UAID_7A79191F1164447E02_1661038519
 |- Actor Package: /Game/__ExternalActors__/MainLevel/TheOfficeRW/8/HR/4VQN2XUM1DR3B8EMMBA2SZ
 |- Actor Path: /Game/MainLevel/TheOfficeRW.TheOfficeRW:PersistentLevel.PlayerStart_0
 |- Actor Package: /Game/__ExternalActors__/MainLevel/TheOfficeRW/C/KZ/B0NE481ZT3WL4KO7IGUYL7
 |- Actor Path: /Game/MainLevel/TheOfficeRW.TheOfficeRW:PersistentLevel.PostProcessVolume_1
 |- Actor Package: /Game/__ExternalActors__/MainLevel/TheOfficeRW/6/K9/OZ0MIIEVAXEU6LFEBF6TJ9
 |- Actor Path: /Game/MainLevel/TheOfficeRW.TheOfficeRW:PersistentLevel.SkeletalMeshActor_UAID_7A79191F1164357E02_1535686881
 |- Actor Package: /Game/__ExternalActors__/MainLevel/TheOfficeRW/A/FF/RQ2UVFLHBRB9D0E2TCTJZF
 |- Actor Path: /Game/MainLevel/TheOfficeRW.TheOfficeRW:PersistentLevel.SkeletalMeshActor_UAID_7A79191F1164357E02_1681192882
 |- Actor Package: /Game/__ExternalActors__/MainLevel/TheOfficeRW/9/XS/YRGLGTAS9PCEPV39ZY6EQ3
 |- Actor Path: /Game/MainLevel/TheOfficeRW.TheOfficeRW:PersistentLevel.SkyAtmosphere_1
 |- Actor Package: /Game/__ExternalActors__/MainLevel/TheOfficeRW/0/A1/V9N83BKBI9E2FB77SNFB1C
 |- Actor Path: /Game/MainLevel/TheOfficeRW.TheOfficeRW:PersistentLevel.SkyLight_1
 |- Actor Package: /Game/__ExternalActors__/MainLevel/TheOfficeRW/F/1R/2ZRZ1GFP2MMLEH241WUYA7
 |- Actor Path: /Game/MainLevel/TheOfficeRW.TheOfficeRW:PersistentLevel.StaticMeshActor_17
 |- Actor Package: /Game/__ExternalActors__/MainLevel/TheOfficeRW/9/L6/7TA2CIUW7Z2PA8L1C81XO3
 |- Actor Path: /Game/MainLevel/TheOfficeRW.TheOfficeRW:PersistentLevel.StaticMeshActor_19
 |- Actor Package: /Game/__ExternalActors__/MainLevel/TheOfficeRW/1/Q1/WJ6OUX5XR3CXMDT4KLSV4G
 |- Actor Path: /Game/MainLevel/TheOfficeRW.TheOfficeRW:PersistentLevel.StaticMeshActor_2
 |- Actor Package: /Game/__ExternalActors__/MainLevel/TheOfficeRW/2/S5/89SP42AFDFUD1G6PNQ5BJ3
 |- Actor Path: /Game/MainLevel/TheOfficeRW.TheOfficeRW:PersistentLevel.StaticMeshActor_UAID_74D4DD3647C65F7E02_1786050271
 |- Actor Package: /Game/__ExternalActors__/MainLevel/TheOfficeRW/6/H9/YK0KJU0E7PWJK441ZCMYXY
 |- Actor Path: /Game/MainLevel/TheOfficeRW.TheOfficeRW:PersistentLevel.StaticMeshActor_UAID_74D4DD3647C6607E02_1887739447
 |- Actor Package: /Game/__ExternalActors__/MainLevel/TheOfficeRW/0/6K/O6R0MORLBHN3IPN2690GV7
 |- Actor Path: /Game/MainLevel/TheOfficeRW.TheOfficeRW:PersistentLevel.StaticMeshActor_UAID_74D4DD3647C6607E02_1898730448
 |- Actor Package: /Game/__ExternalActors__/MainLevel/TheOfficeRW/3/04/GFJQUF24LZKJP1CGEHKFPP
 |- Actor Path: /Game/MainLevel/TheOfficeRW.TheOfficeRW:PersistentLevel.StaticMeshActor_UAID_74D4DD3647C6607E02_1903889449
 |- Actor Package: /Game/__ExternalActors__/MainLevel/TheOfficeRW/8/VA/E9E9NUIPRANKTMM0V22FG2
 |- Actor Path: /Game/MainLevel/TheOfficeRW.TheOfficeRW:PersistentLevel.StaticMeshActor_UAID_74D4DD3647C6607E02_1908929450
 |- Actor Package: /Game/__ExternalActors__/MainLevel/TheOfficeRW/4/33/ZR65CZW6GRF7OGT3SZWTL4
 |- Actor Path: /Game/MainLevel/TheOfficeRW.TheOfficeRW:PersistentLevel.StaticMeshActor_UAID_74D4DD3647C6607E02_2031598447
 |- Actor Package: /Game/__ExternalActors__/MainLevel/TheOfficeRW/0/TN/OJYGEPEFMJU39KOWNBR1GX
 |- Actor Path: /Game/MainLevel/TheOfficeRW.TheOfficeRW:PersistentLevel.StaticMeshActor_UAID_74D4DD3647C6607E02_2052329448
 |- Actor Package: /Game/__ExternalActors__/MainLevel/TheOfficeRW/2/XQ/17W5HJIFIB0QNIDQGSYSLT
 |- Actor Path: /Game/MainLevel/TheOfficeRW.TheOfficeRW:PersistentLevel.StaticMeshActor_UAID_74D4DD3647C6607E02_2072742449
 |- Actor Package: /Game/__ExternalActors__/MainLevel/TheOfficeRW/D/4X/5YEO5B7H4PGGMKU5OA9L4E
 |- Actor Path: /Game/MainLevel/TheOfficeRW.TheOfficeRW:PersistentLevel.StaticMeshActor_UAID_74D4DD3647C6607E02_2072745450
 |- Actor Package: /Game/__ExternalActors__/MainLevel/TheOfficeRW/4/5O/UTFFTK7TR9216C1217BC18
 |- Actor Path: /Game/MainLevel/TheOfficeRW.TheOfficeRW:PersistentLevel.StaticMeshActor_UAID_74D4DD3647C6627E02_1505851803
 |- Actor Package: /Game/__ExternalActors__/MainLevel/TheOfficeRW/2/S7/3DO5HZXFVOPTW9Q18NEXCJ
 |- Actor Path: /Game/MainLevel/TheOfficeRW.TheOfficeRW:PersistentLevel.StaticMeshActor_UAID_74D4DD3647C6627E02_1525827805
 |- Actor Package: /Game/__ExternalActors__/MainLevel/TheOfficeRW/3/VA/5NLG11GAC2JSM22JVKXMEQ
 |- Actor Path: /Game/MainLevel/TheOfficeRW.TheOfficeRW:PersistentLevel.StaticMeshActor_UAID_74D4DD3647C6627E02_1529878806
 |- Actor Package: /Game/__ExternalActors__/MainLevel/TheOfficeRW/E/DO/00MUEV1QPXHJPVPQ7M0JQ6
 |- Actor Path: /Game/MainLevel/TheOfficeRW.TheOfficeRW:PersistentLevel.StaticMeshActor_UAID_7A79191F1164337E02_1962886527
 |- Actor Package: /Game/__ExternalActors__/MainLevel/TheOfficeRW/5/ZK/CJCDPADNIITGR99IJALCKI
 |- Actor Path: /Game/MainLevel/TheOfficeRW.TheOfficeRW:PersistentLevel.StaticMeshActor_UAID_7A79191F1164347E02_1176140705
 |- Actor Package: /Game/__ExternalActors__/MainLevel/TheOfficeRW/2/YM/74W9RFEHQUBNA1ZGTPX97Q
 |- Actor Path: /Game/MainLevel/TheOfficeRW.TheOfficeRW:PersistentLevel.StaticMeshActor_UAID_7A79191F1164E47D02_1475972624
 |- Actor Package: /Game/__ExternalActors__/MainLevel/TheOfficeRW/D/3W/5A8J3FTIPOYHTLHV0OCKFO
 |- Actor Path: /Game/MainLevel/TheOfficeRW.TheOfficeRW:PersistentLevel.StaticMeshActor_UAID_A4AE111137DC5CFB00_1660657071
 |- Actor Package: /Game/__ExternalActors__/MainLevel/TheOfficeRW/2/T0/ETRTSZZHC0ACQFMNBU839R
 |- Actor Path: /Game/MainLevel/TheOfficeRW.TheOfficeRW:PersistentLevel.VolumetricCloud_0
 |- Actor Package: /Game/__ExternalActors__/MainLevel/TheOfficeRW/D/XC/6SKE638V6LY009LMCLLN4B
 |- Actor Path: /Game/MainLevel/TheOfficeRW.TheOfficeRW:PersistentLevel.WorldDataLayers
 |- Actor Package: /Game/__ExternalActors__/MainLevel/TheOfficeRW/7/5U/G3ZIU52X86PINEO1SM2PA4

----------------------------------------------------------------------------------------------------------------
TheOfficeRW - Runtime Hash Set
----------------------------------------------------------------------------------------------------------------

