[+] Containers:
 |- [+] Container: /Game/MainLevel/TheOffice
 |   |- [+] ActorDescs:
 |   |   |- Guid:04EA8DE32F0C3426B0DB3B54EDADD857 NativeClass:/Script/Engine.StaticMeshActor Name:StaticMeshActor_3 Label:SM_Cylinder11 SpatiallyLoaded:true EditorBounds:IsValid=true, Min=(X=1350.000 Y=2950.000 Z=0.000), Max=(X=1450.000 Y=3050.000 Z=300.000) RuntimeBounds:IsValid=true, Min=(X=1350.000 Y=2950.000 Z=0.000), Max=(X=1450.000 Y=3050.000 Z=300.000) RuntimeGrid:None EditorOnly:false RuntimeOnly:false HLODRelevant:true ListedInSceneOutliner:true IsMainWorldOnly:false FolderPath:Pillars FolderGuid:BB8AF4C246C38D173850E8B115A3DCFE
 |   |   |- Guid:05891028FDAA346D92993072D44AA0E1 NativeClass:/Script/Engine.StaticMeshActor Name:StaticMeshActor_UAID_A4AE111137DC5CFB00_1660657071 Label:SM_SkySphere SpatiallyLoaded:false EditorBounds:IsValid=true, Min=(X=-1638400.000 Y=-1638400.000 Z=-1638400.000), Max=(X=1638400.000 Y=1638400.000 Z=1638400.000) RuntimeBounds:IsValid=true, Min=(X=-1638400.000 Y=-1638400.000 Z=-1638400.000), Max=(X=1638400.000 Y=1638400.000 Z=1638400.000) RuntimeGrid:None EditorOnly:false RuntimeOnly:false HLODRelevant:false ListedInSceneOutliner:true IsMainWorldOnly:false FolderPath:Lighting FolderGuid:4C9334684BA61B42C769F799D2576455
 |   |   |- Guid:1053B3EBC59833D7BAC9E2E6A2C7ABAF NativeClass:/Script/Engine.StaticMeshActor Name:StaticMeshActor_59 Label:SM_ChamferCube4 SpatiallyLoaded:true EditorBounds:IsValid=true, Min=(X=663.409 Y=2784.238 Z=0.063), Max=(X=804.292 Y=2925.121 Z=100.063) RuntimeBounds:IsValid=true, Min=(X=663.409 Y=2784.238 Z=0.063), Max=(X=804.292 Y=2925.121 Z=100.063) RuntimeGrid:None EditorOnly:false RuntimeOnly:false HLODRelevant:false ListedInSceneOutliner:true IsMainWorldOnly:false
 |   |   |- Guid:1E69A8DE2FE93ABCB9120118B4E38D4D NativeClass:/Script/Engine.StaticMeshActor Name:StaticMeshActor_42 Label:SM_ChamferCube SpatiallyLoaded:true EditorBounds:IsValid=true, Min=(X=761.762 Y=2853.712 Z=0.063), Max=(X=902.646 Y=2994.595 Z=100.063) RuntimeBounds:IsValid=true, Min=(X=761.762 Y=2853.712 Z=0.063), Max=(X=902.646 Y=2994.595 Z=100.063) RuntimeGrid:None EditorOnly:false RuntimeOnly:false HLODRelevant:false ListedInSceneOutliner:true IsMainWorldOnly:false
 |   |   |- Guid:21F67F77D3D7331AAA8D10DB0CFF619F NativeClass:/Script/Engine.StaticMeshActor Name:StaticMeshActor_22 Label:SM_Cube5 SpatiallyLoaded:true EditorBounds:IsValid=true, Min=(X=-0.000 Y=100.000 Z=0.000), Max=(X=100.000 Y=3400.000 Z=400.000) RuntimeBounds:IsValid=true, Min=(X=-0.000 Y=100.000 Z=0.000), Max=(X=100.000 Y=3400.000 Z=400.000) RuntimeGrid:None EditorOnly:false RuntimeOnly:false HLODRelevant:true ListedInSceneOutliner:true IsMainWorldOnly:false FolderPath:Playground FolderGuid:9FE5E8B349AF71F05F2688921F3F2AC5
 |   |   |- Guid:2A04091DCA233866B485A0888F8BE105 NativeClass:/Script/Engine.VolumetricCloud Name:VolumetricCloud_0 Label:VolumetricCloud SpatiallyLoaded:false EditorBounds:IsValid=true, Min=(X=-128.000 Y=-128.000 Z=692.000), Max=(X=128.000 Y=128.000 Z=948.000) RuntimeBounds:IsValid=true, Min=(X=0.000 Y=0.000 Z=820.000), Max=(X=0.000 Y=0.000 Z=820.000) RuntimeGrid:None EditorOnly:false RuntimeOnly:false HLODRelevant:false ListedInSceneOutliner:true IsMainWorldOnly:false FolderPath:Lighting FolderGuid:4C9334684BA61B42C769F799D2576455
 |   |   |- Guid:2DC45356D6753B8E8278FD9DECA70246 NativeClass:/Script/Engine.SkyAtmosphere Name:SkyAtmosphere_1 Label:SkyAtmosphere SpatiallyLoaded:false EditorBounds:IsValid=true, Min=(X=-128.000 Y=-128.000 Z=892.000), Max=(X=240.000 Y=128.000 Z=1148.000) RuntimeBounds:IsValid=true, Min=(X=0.000 Y=0.000 Z=1020.000), Max=(X=0.000 Y=0.000 Z=1020.000) RuntimeGrid:None EditorOnly:false RuntimeOnly:false HLODRelevant:false ListedInSceneOutliner:true IsMainWorldOnly:false FolderPath:Lighting FolderGuid:4C9334684BA61B42C769F799D2576455
 |   |   |- Guid:41CFAE8AE3EF3D3F9CF5D06FD1DCCA4E NativeClass:/Script/Engine.PlayerStart Name:PlayerStart_0 Label:PlayerStart SpatiallyLoaded:false EditorBounds:IsValid=true, Min=(X=872.000 Y=1682.000 Z=-35.987), Max=(X=1240.000 Y=1938.000 Z=220.013) RuntimeBounds:IsValid=true, Min=(X=960.000 Y=1770.000 Z=0.013), Max=(X=1040.000 Y=1850.000 Z=184.013) RuntimeGrid:None EditorOnly:false RuntimeOnly:false HLODRelevant:false ListedInSceneOutliner:true IsMainWorldOnly:false
 |   |   |- Guid:4AE1F727C2453774826CE65E514159E6 NativeClass:/Script/Engine.StaticMeshActor Name:StaticMeshActor_39 Label:SM_Cylinder9 SpatiallyLoaded:true EditorBounds:IsValid=true, Min=(X=2450.000 Y=2350.000 Z=0.000), Max=(X=2550.000 Y=2450.000 Z=300.000) RuntimeBounds:IsValid=true, Min=(X=2450.000 Y=2350.000 Z=0.000), Max=(X=2550.000 Y=2450.000 Z=300.000) RuntimeGrid:None EditorOnly:false RuntimeOnly:false HLODRelevant:true ListedInSceneOutliner:true IsMainWorldOnly:false FolderPath:Pillars FolderGuid:BB8AF4C246C38D173850E8B115A3DCFE
 |   |   |- Guid:4B7A3B9E76703EAABFD3B060C8B2EF67 NativeClass:/Script/Engine.ExponentialHeightFog Name:ExponentialHeightFog_1 Label:ExponentialHeightFog SpatiallyLoaded:false EditorBounds:IsValid=true, Min=(X=-5728.000 Y=-178.000 Z=-6978.000), Max=(X=-5472.000 Y=78.000 Z=-6722.000) RuntimeBounds:IsValid=true, Min=(X=-5600.000 Y=-50.000 Z=-6850.000), Max=(X=-5600.000 Y=-50.000 Z=-6850.000) RuntimeGrid:None EditorOnly:false RuntimeOnly:false HLODRelevant:false ListedInSceneOutliner:true IsMainWorldOnly:false FolderPath:Lighting FolderGuid:4C9334684BA61B42C769F799D2576455
 |   |   |- Guid:5033FCAE8A043B5CA7F5B895E1C140C9 NativeClass:/Script/Engine.StaticMeshActor Name:StaticMeshActor_2 Label:SM_Cylinder6 SpatiallyLoaded:true EditorBounds:IsValid=true, Min=(X=1350.000 Y=2450.000 Z=0.000), Max=(X=1450.000 Y=2550.000 Z=300.000) RuntimeBounds:IsValid=true, Min=(X=1350.000 Y=2450.000 Z=0.000), Max=(X=1450.000 Y=2550.000 Z=300.000) RuntimeGrid:None EditorOnly:false RuntimeOnly:false HLODRelevant:true ListedInSceneOutliner:true IsMainWorldOnly:false FolderPath:Pillars FolderGuid:BB8AF4C246C38D173850E8B115A3DCFE
 |   |   |- Guid:527C30B96B4035FA8BE73E5D96E7F378 NativeClass:/Script/Engine.StaticMeshActor Name:StaticMeshActor_65 Label:SM_ChamferCube5 SpatiallyLoaded:true EditorBounds:IsValid=true, Min=(X=2419.765 Y=1390.593 Z=0.063), Max=(X=2547.936 Y=1518.765 Z=100.063) RuntimeBounds:IsValid=true, Min=(X=2419.765 Y=1390.593 Z=0.063), Max=(X=2547.936 Y=1518.765 Z=100.063) RuntimeGrid:None EditorOnly:false RuntimeOnly:false HLODRelevant:false ListedInSceneOutliner:true IsMainWorldOnly:false
 |   |   |- Guid:5505F9DF4B183F88A504F64F44EEFAB9 NativeClass:/Script/Engine.StaticMeshActor Name:StaticMeshActor_17 Label:SM_Cube SpatiallyLoaded:true EditorBounds:IsValid=true, Min=(X=0.000 Y=0.000 Z=-50.000), Max=(X=3000.000 Y=3500.000 Z=0.000) RuntimeBounds:IsValid=true, Min=(X=0.000 Y=0.000 Z=-50.000), Max=(X=3000.000 Y=3500.000 Z=0.000) RuntimeGrid:None EditorOnly:false RuntimeOnly:false HLODRelevant:true ListedInSceneOutliner:true IsMainWorldOnly:false FolderPath:Playground FolderGuid:9FE5E8B349AF71F05F2688921F3F2AC5
 |   |   |- Guid:5D51930969B43F08A182727A2005DAB3 NativeClass:/Script/Engine.StaticMeshActor Name:StaticMeshActor_38 Label:SM_Cylinder8 SpatiallyLoaded:true EditorBounds:IsValid=true, Min=(X=2250.000 Y=1950.000 Z=0.000), Max=(X=2350.000 Y=2050.000 Z=300.000) RuntimeBounds:IsValid=true, Min=(X=2250.000 Y=1950.000 Z=0.000), Max=(X=2350.000 Y=2050.000 Z=300.000) RuntimeGrid:None EditorOnly:false RuntimeOnly:false HLODRelevant:true ListedInSceneOutliner:true IsMainWorldOnly:false FolderPath:Pillars FolderGuid:BB8AF4C246C38D173850E8B115A3DCFE
 |   |   |- Guid:5F7022AF4D8333308C21434328F7989F NativeClass:/Script/Engine.DirectionalLight Name:DirectionalLight_1 Label:DirectionalLight SpatiallyLoaded:false EditorBounds:IsValid=false, Min=(X=0.000 Y=0.000 Z=0.000), Max=(X=0.000 Y=0.000 Z=0.000) RuntimeBounds:IsValid=false, Min=(X=0.000 Y=0.000 Z=0.000), Max=(X=0.000 Y=0.000 Z=0.000) RuntimeGrid:None EditorOnly:false RuntimeOnly:false HLODRelevant:false ListedInSceneOutliner:true IsMainWorldOnly:false FolderPath:Lighting FolderGuid:4C9334684BA61B42C769F799D2576455
 |   |   |- Guid:67B89722187533ACA05C8A17827B1051 NativeClass:/Script/Engine.StaticMeshActor Name:StaticMeshActor_UAID_74D4DD3647C6FE7D02_1926020199 Label:SM_Cube11 SpatiallyLoaded:true EditorBounds:IsValid=true, Min=(X=0.000 Y=-3500.000 Z=-50.000), Max=(X=3000.000 Y=0.000 Z=0.000) RuntimeBounds:IsValid=true, Min=(X=0.000 Y=-3500.000 Z=-50.000), Max=(X=3000.000 Y=0.000 Z=0.000) RuntimeGrid:None EditorOnly:false RuntimeOnly:false HLODRelevant:true ListedInSceneOutliner:true IsMainWorldOnly:false FolderPath:Playground FolderGuid:9FE5E8B349AF71F05F2688921F3F2AC5
 |   |   |- Guid:6BDAD51230263693B2C0E59ADA178FC7 NativeClass:/Script/Engine.StaticMeshActor Name:StaticMeshActor_19 Label:SM_Cube3 SpatiallyLoaded:true EditorBounds:IsValid=true, Min=(X=0.000 Y=3400.000 Z=0.000), Max=(X=3000.000 Y=3500.000 Z=400.000) RuntimeBounds:IsValid=true, Min=(X=0.000 Y=3400.000 Z=0.000), Max=(X=3000.000 Y=3500.000 Z=400.000) RuntimeGrid:None EditorOnly:false RuntimeOnly:false HLODRelevant:true ListedInSceneOutliner:true IsMainWorldOnly:false FolderPath:Playground FolderGuid:9FE5E8B349AF71F05F2688921F3F2AC5
 |   |   |- Guid:70C0D96C4B773695A658EFE7B9403343 NativeClass:/Script/Engine.StaticMeshActor Name:StaticMeshActor_37 Label:SM_Cylinder7 SpatiallyLoaded:true EditorBounds:IsValid=true, Min=(X=1650.000 Y=1950.000 Z=0.000), Max=(X=1750.000 Y=2050.000 Z=300.000) RuntimeBounds:IsValid=true, Min=(X=1650.000 Y=1950.000 Z=0.000), Max=(X=1750.000 Y=2050.000 Z=300.000) RuntimeGrid:None EditorOnly:false RuntimeOnly:false HLODRelevant:true ListedInSceneOutliner:true IsMainWorldOnly:false FolderPath:Pillars FolderGuid:BB8AF4C246C38D173850E8B115A3DCFE
 |   |   |- Guid:730CC2C9557938DFBECCF5B6A1D88E61 NativeClass:/Script/Engine.SkyLight Name:SkyLight_1 Label:SkyLight SpatiallyLoaded:false EditorBounds:IsValid=true, Min=(X=-1.000 Y=-1.000 Z=-1.000), Max=(X=1.000 Y=1.000 Z=690.000) RuntimeBounds:IsValid=true, Min=(X=0.000 Y=0.000 Z=690.000), Max=(X=0.000 Y=0.000 Z=690.000) RuntimeGrid:None EditorOnly:false RuntimeOnly:false HLODRelevant:false ListedInSceneOutliner:true IsMainWorldOnly:false FolderPath:Lighting FolderGuid:4C9334684BA61B42C769F799D2576455
 |   |   |- Guid:86F61A89B0323973BC08063C88704CB4 NativeClass:/Script/Engine.TextRenderActor Name:TextRenderActor_0 Label:TextRenderActor SpatiallyLoaded:true EditorBounds:IsValid=true, Min=(X=-128.100 Y=972.000 Z=12.013), Max=(X=127.900 Y=2225.000 Z=268.013) RuntimeBounds:IsValid=true, Min=(X=-0.100 Y=1100.000 Z=65.013), Max=(X=-0.100 Y=2225.000 Z=215.013) RuntimeGrid:None EditorOnly:false RuntimeOnly:false HLODRelevant:false ListedInSceneOutliner:true IsMainWorldOnly:false
 |   |   |- Guid:86FAD093AD313C08A6C45F0717D4E710 NativeClass:/Script/Engine.StaticMeshActor Name:StaticMeshActor_34 Label:SM_Cylinder4 SpatiallyLoaded:true EditorBounds:IsValid=true, Min=(X=1850.000 Y=2350.000 Z=0.000), Max=(X=1950.000 Y=2450.000 Z=300.000) RuntimeBounds:IsValid=true, Min=(X=1850.000 Y=2350.000 Z=0.000), Max=(X=1950.000 Y=2450.000 Z=300.000) RuntimeGrid:None EditorOnly:false RuntimeOnly:false HLODRelevant:true ListedInSceneOutliner:true IsMainWorldOnly:false FolderPath:Pillars FolderGuid:BB8AF4C246C38D173850E8B115A3DCFE
 |   |   |- Guid:870E9FAC911E3ECCA9C0D7FA13ABA628 NativeClass:/Script/Engine.StaticMeshActor Name:StaticMeshActor_40 Label:SM_Cylinder10 SpatiallyLoaded:true EditorBounds:IsValid=true, Min=(X=2250.000 Y=2650.000 Z=0.000), Max=(X=2350.000 Y=2750.000 Z=300.000) RuntimeBounds:IsValid=true, Min=(X=2250.000 Y=2650.000 Z=0.000), Max=(X=2350.000 Y=2750.000 Z=300.000) RuntimeGrid:None EditorOnly:false RuntimeOnly:false HLODRelevant:true ListedInSceneOutliner:true IsMainWorldOnly:false FolderPath:Pillars FolderGuid:BB8AF4C246C38D173850E8B115A3DCFE
 |   |   |- Guid:8E5FF5C157B131589CB17E79ACC70CC5 NativeClass:/Script/Engine.StaticMeshActor Name:StaticMeshActor_35 Label:SM_Cylinder5 SpatiallyLoaded:true EditorBounds:IsValid=true, Min=(X=1750.000 Y=2750.000 Z=0.000), Max=(X=1850.000 Y=2850.000 Z=300.000) RuntimeBounds:IsValid=true, Min=(X=1750.000 Y=2750.000 Z=0.000), Max=(X=1850.000 Y=2850.000 Z=300.000) RuntimeGrid:None EditorOnly:false RuntimeOnly:false HLODRelevant:true ListedInSceneOutliner:true IsMainWorldOnly:false FolderPath:Pillars FolderGuid:BB8AF4C246C38D173850E8B115A3DCFE
 |   |   |- Guid:94E12D25D6CC34A48FCF72C8B7454D37 NativeClass:/Script/Engine.PostProcessVolume Name:PostProcessVolume_1 Label:PostProcessVolume SpatiallyLoaded:false EditorBounds:IsValid=true, Min=(X=0.000 Y=0.000 Z=400.000), Max=(X=200.000 Y=200.000 Z=600.000) RuntimeBounds:IsValid=true, Min=(X=0.000 Y=0.000 Z=400.000), Max=(X=200.000 Y=200.000 Z=600.000) RuntimeGrid:None EditorOnly:false RuntimeOnly:false HLODRelevant:false ListedInSceneOutliner:true IsMainWorldOnly:false FolderPath:Lighting FolderGuid:4C9334684BA61B42C769F799D2576455
 |   |   |- Guid:ACBBE0DDDF783C389AEAFA43D8F6F89A NativeClass:/Script/Engine.StaticMeshActor Name:StaticMeshActor_44 Label:SM_ChamferCube3 SpatiallyLoaded:true EditorBounds:IsValid=true, Min=(X=711.512 Y=2824.945 Z=100.063), Max=(X=848.115 Y=2961.548 Z=200.063) RuntimeBounds:IsValid=true, Min=(X=711.512 Y=2824.945 Z=100.063), Max=(X=848.115 Y=2961.548 Z=200.063) RuntimeGrid:None EditorOnly:false RuntimeOnly:false HLODRelevant:false ListedInSceneOutliner:true IsMainWorldOnly:false
 |   |   |- Guid:AEA56750744433A4BC8B3C4EDA89F81D NativeClass:/Script/Engine.StaticMeshActor Name:StaticMeshActor_23 Label:SM_Cube6 SpatiallyLoaded:true EditorBounds:IsValid=true, Min=(X=2900.000 Y=100.000 Z=0.000), Max=(X=3000.000 Y=3400.000 Z=400.000) RuntimeBounds:IsValid=true, Min=(X=2900.000 Y=100.000 Z=0.000), Max=(X=3000.000 Y=3400.000 Z=400.000) RuntimeGrid:None EditorOnly:false RuntimeOnly:false HLODRelevant:true ListedInSceneOutliner:true IsMainWorldOnly:false FolderPath:Playground FolderGuid:9FE5E8B349AF71F05F2688921F3F2AC5
 |   |   |- Guid:BA258E328FAB3D239469C651ABBFA809 NativeClass:/Script/Niagara.NiagaraActor Name:NiagaraActor_UAID_7A79191F1164007E02_1806561551 Label:NS_MuzzleFlash_01 SpatiallyLoaded:true EditorBounds:IsValid=true, Min=(X=1062.000 Y=1842.000 Z=2.000), Max=(X=1550.000 Y=2098.000 Z=258.000) RuntimeBounds:IsValid=true, Min=(X=1189.000 Y=1969.000 Z=129.000), Max=(X=1191.000 Y=1971.000 Z=131.000) RuntimeGrid:None EditorOnly:false RuntimeOnly:false HLODRelevant:false ListedInSceneOutliner:true IsMainWorldOnly:false
 |   |   |- Guid:BDC5CBBA1B1839FA98C45FCA4343BCC9 NativeClass:/Script/NavigationSystem.NavMeshBoundsVolume Name:NavMeshBoundsVolume_1 Label:NavMeshBoundsVolume SpatiallyLoaded:false EditorBounds:IsValid=true, Min=(X=-100.000 Y=-3800.000 Z=-110.000), Max=(X=3100.000 Y=7300.000 Z=390.000) RuntimeBounds:IsValid=true, Min=(X=-100.000 Y=-3800.000 Z=-110.000), Max=(X=3100.000 Y=7300.000 Z=390.000) RuntimeGrid:None EditorOnly:false RuntimeOnly:false HLODRelevant:false ListedInSceneOutliner:true IsMainWorldOnly:false FolderPath:Navigation FolderGuid:AE45D61F453CC144CF8289862C276E89
 |   |   |- Guid:C559C13599DB3153A5C69AA7E9BDE1E3 NativeClass:/Script/Engine.WorldDataLayers Name:WorldDataLayers Label:WorldDataLayers SpatiallyLoaded:false EditorBounds:IsValid=false, Min=(X=0.000 Y=0.000 Z=0.000), Max=(X=0.000 Y=0.000 Z=0.000) RuntimeBounds:IsValid=false, Min=(X=0.000 Y=0.000 Z=0.000), Max=(X=0.000 Y=0.000 Z=0.000) RuntimeGrid:None EditorOnly:false RuntimeOnly:false HLODRelevant:false ListedInSceneOutliner:true IsMainWorldOnly:true
 |   |   |- Guid:C782AD579C3B3DD892B5BB14721340EF NativeClass:/Script/Engine.StaticMeshActor Name:StaticMeshActor_66 Label:SM_Cylinder15 SpatiallyLoaded:true EditorBounds:IsValid=true, Min=(X=2550.000 Y=2950.000 Z=0.000), Max=(X=2650.000 Y=3050.000 Z=300.000) RuntimeBounds:IsValid=true, Min=(X=2550.000 Y=2950.000 Z=0.000), Max=(X=2650.000 Y=3050.000 Z=300.000) RuntimeGrid:None EditorOnly:false RuntimeOnly:false HLODRelevant:true ListedInSceneOutliner:true IsMainWorldOnly:false FolderPath:Pillars FolderGuid:BB8AF4C246C38D173850E8B115A3DCFE
 |   |   |- Guid:CFFE8B0BB9C036D6A26D9BB2827C485E NativeClass:/Script/Engine.StaticMeshActor Name:StaticMeshActor_UAID_7A79191F1164E47D02_1475972624 Label:PM2_Office_Cubicles SpatiallyLoaded:true EditorBounds:IsValid=true, Min=(X=907.072 Y=-1100.092 Z=20.000), Max=(X=1709.375 Y=-699.702 Z=220.000) RuntimeBounds:IsValid=true, Min=(X=907.072 Y=-1100.092 Z=20.000), Max=(X=1709.375 Y=-699.702 Z=220.000) RuntimeGrid:None EditorOnly:false RuntimeOnly:false HLODRelevant:true ListedInSceneOutliner:true IsMainWorldOnly:false
 |   |   |- Guid:DB0683223D2D39B5B3F28E9347269E52 NativeClass:/Script/Niagara.NiagaraActor Name:NiagaraActor_UAID_7A79191F1164B27D02_1685772824 Label:NS_ReactiveElectricity SpatiallyLoaded:true EditorBounds:IsValid=true, Min=(X=1052.000 Y=2402.000 Z=62.000), Max=(X=1540.000 Y=2658.000 Z=318.000) RuntimeBounds:IsValid=true, Min=(X=1179.000 Y=2529.000 Z=189.000), Max=(X=1181.000 Y=2531.000 Z=191.000) RuntimeGrid:None EditorOnly:false RuntimeOnly:false HLODRelevant:false ListedInSceneOutliner:true IsMainWorldOnly:false
 |   |   |- Guid:DF600609362037CBA474BB7342A14AD4 NativeClass:/Script/Niagara.NiagaraActor Name:NiagaraActor_UAID_7A79191F1164AC7D02_1917151767 Label:NS_Sparks_01 SpatiallyLoaded:true EditorBounds:IsValid=true, Min=(X=1280.000 Y=1872.000 Z=42.000), Max=(X=1768.000 Y=2128.000 Z=298.000) RuntimeBounds:IsValid=true, Min=(X=1639.000 Y=1999.000 Z=169.000), Max=(X=1641.000 Y=2001.000 Z=171.000) RuntimeGrid:None EditorOnly:false RuntimeOnly:false HLODRelevant:false ListedInSceneOutliner:true IsMainWorldOnly:false
 |   |   |- Guid:EA18E14D5B333C18A4450171EF368F2C NativeClass:/Script/AIModule.NavLinkProxy Name:NavLinkProxy_3 Label:NavLinkProxy3 SpatiallyLoaded:true EditorBounds:IsValid=true, Min=(X=2112.000 Y=900.000 Z=-38.000), Max=(X=2368.000 Y=1158.000 Z=230.000) RuntimeBounds:IsValid=true, Min=(X=2240.000 Y=1030.000 Z=90.000), Max=(X=2240.000 Y=1030.000 Z=90.000) RuntimeGrid:None EditorOnly:false RuntimeOnly:false HLODRelevant:false ListedInSceneOutliner:true IsMainWorldOnly:false FolderPath:Navigation FolderGuid:AE45D61F453CC144CF8289862C276E89
 |   |   |- Guid:F2D55A742ADD3F5BB52D1BB9DFFF1045 NativeClass:/Script/Engine.StaticMeshActor Name:StaticMeshActor_UAID_7A79191F1164E47D02_1332806623 Label:M249_SAW_MODEL SpatiallyLoaded:true EditorBounds:IsValid=true, Min=(X=1182.055 Y=1857.703 Z=111.076), Max=(X=1197.945 Y=1963.387 Z=145.546) RuntimeBounds:IsValid=true, Min=(X=1182.055 Y=1857.703 Z=111.076), Max=(X=1197.945 Y=1963.387 Z=145.546) RuntimeGrid:None EditorOnly:false RuntimeOnly:false HLODRelevant:true ListedInSceneOutliner:true IsMainWorldOnly:false
 |   |- [+] Clusters:
 |   |   |- [+] [  0]
 |   |   |   |- Guid:04EA8DE32F0C3426B0DB3B54EDADD857 NativeClass:/Script/Engine.StaticMeshActor Name:StaticMeshActor_3 Label:SM_Cylinder11 SpatiallyLoaded:true EditorBounds:IsValid=true, Min=(X=1350.000 Y=2950.000 Z=0.000), Max=(X=1450.000 Y=3050.000 Z=300.000) RuntimeBounds:IsValid=true, Min=(X=1350.000 Y=2950.000 Z=0.000), Max=(X=1450.000 Y=3050.000 Z=300.000) RuntimeGrid:None EditorOnly:false RuntimeOnly:false HLODRelevant:true ListedInSceneOutliner:true IsMainWorldOnly:false FolderPath:Pillars FolderGuid:BB8AF4C246C38D173850E8B115A3DCFE
 |   |   |- [+] [  1]
 |   |   |   |- Guid:05891028FDAA346D92993072D44AA0E1 NativeClass:/Script/Engine.StaticMeshActor Name:StaticMeshActor_UAID_A4AE111137DC5CFB00_1660657071 Label:SM_SkySphere SpatiallyLoaded:false EditorBounds:IsValid=true, Min=(X=-1638400.000 Y=-1638400.000 Z=-1638400.000), Max=(X=1638400.000 Y=1638400.000 Z=1638400.000) RuntimeBounds:IsValid=true, Min=(X=-1638400.000 Y=-1638400.000 Z=-1638400.000), Max=(X=1638400.000 Y=1638400.000 Z=1638400.000) RuntimeGrid:None EditorOnly:false RuntimeOnly:false HLODRelevant:false ListedInSceneOutliner:true IsMainWorldOnly:false FolderPath:Lighting FolderGuid:4C9334684BA61B42C769F799D2576455
 |   |   |- [+] [  2]
 |   |   |   |- Guid:1053B3EBC59833D7BAC9E2E6A2C7ABAF NativeClass:/Script/Engine.StaticMeshActor Name:StaticMeshActor_59 Label:SM_ChamferCube4 SpatiallyLoaded:true EditorBounds:IsValid=true, Min=(X=663.409 Y=2784.238 Z=0.063), Max=(X=804.292 Y=2925.121 Z=100.063) RuntimeBounds:IsValid=true, Min=(X=663.409 Y=2784.238 Z=0.063), Max=(X=804.292 Y=2925.121 Z=100.063) RuntimeGrid:None EditorOnly:false RuntimeOnly:false HLODRelevant:false ListedInSceneOutliner:true IsMainWorldOnly:false
 |   |   |- [+] [  3]
 |   |   |   |- Guid:1E69A8DE2FE93ABCB9120118B4E38D4D NativeClass:/Script/Engine.StaticMeshActor Name:StaticMeshActor_42 Label:SM_ChamferCube SpatiallyLoaded:true EditorBounds:IsValid=true, Min=(X=761.762 Y=2853.712 Z=0.063), Max=(X=902.646 Y=2994.595 Z=100.063) RuntimeBounds:IsValid=true, Min=(X=761.762 Y=2853.712 Z=0.063), Max=(X=902.646 Y=2994.595 Z=100.063) RuntimeGrid:None EditorOnly:false RuntimeOnly:false HLODRelevant:false ListedInSceneOutliner:true IsMainWorldOnly:false
 |   |   |- [+] [  4]
 |   |   |   |- Guid:21F67F77D3D7331AAA8D10DB0CFF619F NativeClass:/Script/Engine.StaticMeshActor Name:StaticMeshActor_22 Label:SM_Cube5 SpatiallyLoaded:true EditorBounds:IsValid=true, Min=(X=-0.000 Y=100.000 Z=0.000), Max=(X=100.000 Y=3400.000 Z=400.000) RuntimeBounds:IsValid=true, Min=(X=-0.000 Y=100.000 Z=0.000), Max=(X=100.000 Y=3400.000 Z=400.000) RuntimeGrid:None EditorOnly:false RuntimeOnly:false HLODRelevant:true ListedInSceneOutliner:true IsMainWorldOnly:false FolderPath:Playground FolderGuid:9FE5E8B349AF71F05F2688921F3F2AC5
 |   |   |- [+] [  5]
 |   |   |   |- Guid:2A04091DCA233866B485A0888F8BE105 NativeClass:/Script/Engine.VolumetricCloud Name:VolumetricCloud_0 Label:VolumetricCloud SpatiallyLoaded:false EditorBounds:IsValid=true, Min=(X=-128.000 Y=-128.000 Z=692.000), Max=(X=128.000 Y=128.000 Z=948.000) RuntimeBounds:IsValid=true, Min=(X=0.000 Y=0.000 Z=820.000), Max=(X=0.000 Y=0.000 Z=820.000) RuntimeGrid:None EditorOnly:false RuntimeOnly:false HLODRelevant:false ListedInSceneOutliner:true IsMainWorldOnly:false FolderPath:Lighting FolderGuid:4C9334684BA61B42C769F799D2576455
 |   |   |- [+] [  6]
 |   |   |   |- Guid:2DC45356D6753B8E8278FD9DECA70246 NativeClass:/Script/Engine.SkyAtmosphere Name:SkyAtmosphere_1 Label:SkyAtmosphere SpatiallyLoaded:false EditorBounds:IsValid=true, Min=(X=-128.000 Y=-128.000 Z=892.000), Max=(X=240.000 Y=128.000 Z=1148.000) RuntimeBounds:IsValid=true, Min=(X=0.000 Y=0.000 Z=1020.000), Max=(X=0.000 Y=0.000 Z=1020.000) RuntimeGrid:None EditorOnly:false RuntimeOnly:false HLODRelevant:false ListedInSceneOutliner:true IsMainWorldOnly:false FolderPath:Lighting FolderGuid:4C9334684BA61B42C769F799D2576455
 |   |   |- [+] [  7]
 |   |   |   |- Guid:41CFAE8AE3EF3D3F9CF5D06FD1DCCA4E NativeClass:/Script/Engine.PlayerStart Name:PlayerStart_0 Label:PlayerStart SpatiallyLoaded:false EditorBounds:IsValid=true, Min=(X=872.000 Y=1682.000 Z=-35.987), Max=(X=1240.000 Y=1938.000 Z=220.013) RuntimeBounds:IsValid=true, Min=(X=960.000 Y=1770.000 Z=0.013), Max=(X=1040.000 Y=1850.000 Z=184.013) RuntimeGrid:None EditorOnly:false RuntimeOnly:false HLODRelevant:false ListedInSceneOutliner:true IsMainWorldOnly:false
 |   |   |- [+] [  8]
 |   |   |   |- Guid:4AE1F727C2453774826CE65E514159E6 NativeClass:/Script/Engine.StaticMeshActor Name:StaticMeshActor_39 Label:SM_Cylinder9 SpatiallyLoaded:true EditorBounds:IsValid=true, Min=(X=2450.000 Y=2350.000 Z=0.000), Max=(X=2550.000 Y=2450.000 Z=300.000) RuntimeBounds:IsValid=true, Min=(X=2450.000 Y=2350.000 Z=0.000), Max=(X=2550.000 Y=2450.000 Z=300.000) RuntimeGrid:None EditorOnly:false RuntimeOnly:false HLODRelevant:true ListedInSceneOutliner:true IsMainWorldOnly:false FolderPath:Pillars FolderGuid:BB8AF4C246C38D173850E8B115A3DCFE
 |   |   |- [+] [  9]
 |   |   |   |- Guid:4B7A3B9E76703EAABFD3B060C8B2EF67 NativeClass:/Script/Engine.ExponentialHeightFog Name:ExponentialHeightFog_1 Label:ExponentialHeightFog SpatiallyLoaded:false EditorBounds:IsValid=true, Min=(X=-5728.000 Y=-178.000 Z=-6978.000), Max=(X=-5472.000 Y=78.000 Z=-6722.000) RuntimeBounds:IsValid=true, Min=(X=-5600.000 Y=-50.000 Z=-6850.000), Max=(X=-5600.000 Y=-50.000 Z=-6850.000) RuntimeGrid:None EditorOnly:false RuntimeOnly:false HLODRelevant:false ListedInSceneOutliner:true IsMainWorldOnly:false FolderPath:Lighting FolderGuid:4C9334684BA61B42C769F799D2576455
 |   |   |- [+] [ 10]
 |   |   |   |- Guid:5033FCAE8A043B5CA7F5B895E1C140C9 NativeClass:/Script/Engine.StaticMeshActor Name:StaticMeshActor_2 Label:SM_Cylinder6 SpatiallyLoaded:true EditorBounds:IsValid=true, Min=(X=1350.000 Y=2450.000 Z=0.000), Max=(X=1450.000 Y=2550.000 Z=300.000) RuntimeBounds:IsValid=true, Min=(X=1350.000 Y=2450.000 Z=0.000), Max=(X=1450.000 Y=2550.000 Z=300.000) RuntimeGrid:None EditorOnly:false RuntimeOnly:false HLODRelevant:true ListedInSceneOutliner:true IsMainWorldOnly:false FolderPath:Pillars FolderGuid:BB8AF4C246C38D173850E8B115A3DCFE
 |   |   |- [+] [ 11]
 |   |   |   |- Guid:527C30B96B4035FA8BE73E5D96E7F378 NativeClass:/Script/Engine.StaticMeshActor Name:StaticMeshActor_65 Label:SM_ChamferCube5 SpatiallyLoaded:true EditorBounds:IsValid=true, Min=(X=2419.765 Y=1390.593 Z=0.063), Max=(X=2547.936 Y=1518.765 Z=100.063) RuntimeBounds:IsValid=true, Min=(X=2419.765 Y=1390.593 Z=0.063), Max=(X=2547.936 Y=1518.765 Z=100.063) RuntimeGrid:None EditorOnly:false RuntimeOnly:false HLODRelevant:false ListedInSceneOutliner:true IsMainWorldOnly:false
 |   |   |- [+] [ 12]
 |   |   |   |- Guid:5505F9DF4B183F88A504F64F44EEFAB9 NativeClass:/Script/Engine.StaticMeshActor Name:StaticMeshActor_17 Label:SM_Cube SpatiallyLoaded:true EditorBounds:IsValid=true, Min=(X=0.000 Y=0.000 Z=-50.000), Max=(X=3000.000 Y=3500.000 Z=0.000) RuntimeBounds:IsValid=true, Min=(X=0.000 Y=0.000 Z=-50.000), Max=(X=3000.000 Y=3500.000 Z=0.000) RuntimeGrid:None EditorOnly:false RuntimeOnly:false HLODRelevant:true ListedInSceneOutliner:true IsMainWorldOnly:false FolderPath:Playground FolderGuid:9FE5E8B349AF71F05F2688921F3F2AC5
 |   |   |- [+] [ 13]
 |   |   |   |- Guid:5D51930969B43F08A182727A2005DAB3 NativeClass:/Script/Engine.StaticMeshActor Name:StaticMeshActor_38 Label:SM_Cylinder8 SpatiallyLoaded:true EditorBounds:IsValid=true, Min=(X=2250.000 Y=1950.000 Z=0.000), Max=(X=2350.000 Y=2050.000 Z=300.000) RuntimeBounds:IsValid=true, Min=(X=2250.000 Y=1950.000 Z=0.000), Max=(X=2350.000 Y=2050.000 Z=300.000) RuntimeGrid:None EditorOnly:false RuntimeOnly:false HLODRelevant:true ListedInSceneOutliner:true IsMainWorldOnly:false FolderPath:Pillars FolderGuid:BB8AF4C246C38D173850E8B115A3DCFE
 |   |   |- [+] [ 14]
 |   |   |   |- Guid:5F7022AF4D8333308C21434328F7989F NativeClass:/Script/Engine.DirectionalLight Name:DirectionalLight_1 Label:DirectionalLight SpatiallyLoaded:false EditorBounds:IsValid=false, Min=(X=0.000 Y=0.000 Z=0.000), Max=(X=0.000 Y=0.000 Z=0.000) RuntimeBounds:IsValid=false, Min=(X=0.000 Y=0.000 Z=0.000), Max=(X=0.000 Y=0.000 Z=0.000) RuntimeGrid:None EditorOnly:false RuntimeOnly:false HLODRelevant:false ListedInSceneOutliner:true IsMainWorldOnly:false FolderPath:Lighting FolderGuid:4C9334684BA61B42C769F799D2576455
 |   |   |- [+] [ 15]
 |   |   |   |- Guid:67B89722187533ACA05C8A17827B1051 NativeClass:/Script/Engine.StaticMeshActor Name:StaticMeshActor_UAID_74D4DD3647C6FE7D02_1926020199 Label:SM_Cube11 SpatiallyLoaded:true EditorBounds:IsValid=true, Min=(X=0.000 Y=-3500.000 Z=-50.000), Max=(X=3000.000 Y=0.000 Z=0.000) RuntimeBounds:IsValid=true, Min=(X=0.000 Y=-3500.000 Z=-50.000), Max=(X=3000.000 Y=0.000 Z=0.000) RuntimeGrid:None EditorOnly:false RuntimeOnly:false HLODRelevant:true ListedInSceneOutliner:true IsMainWorldOnly:false FolderPath:Playground FolderGuid:9FE5E8B349AF71F05F2688921F3F2AC5
 |   |   |- [+] [ 16]
 |   |   |   |- Guid:6BDAD51230263693B2C0E59ADA178FC7 NativeClass:/Script/Engine.StaticMeshActor Name:StaticMeshActor_19 Label:SM_Cube3 SpatiallyLoaded:true EditorBounds:IsValid=true, Min=(X=0.000 Y=3400.000 Z=0.000), Max=(X=3000.000 Y=3500.000 Z=400.000) RuntimeBounds:IsValid=true, Min=(X=0.000 Y=3400.000 Z=0.000), Max=(X=3000.000 Y=3500.000 Z=400.000) RuntimeGrid:None EditorOnly:false RuntimeOnly:false HLODRelevant:true ListedInSceneOutliner:true IsMainWorldOnly:false FolderPath:Playground FolderGuid:9FE5E8B349AF71F05F2688921F3F2AC5
 |   |   |- [+] [ 17]
 |   |   |   |- Guid:70C0D96C4B773695A658EFE7B9403343 NativeClass:/Script/Engine.StaticMeshActor Name:StaticMeshActor_37 Label:SM_Cylinder7 SpatiallyLoaded:true EditorBounds:IsValid=true, Min=(X=1650.000 Y=1950.000 Z=0.000), Max=(X=1750.000 Y=2050.000 Z=300.000) RuntimeBounds:IsValid=true, Min=(X=1650.000 Y=1950.000 Z=0.000), Max=(X=1750.000 Y=2050.000 Z=300.000) RuntimeGrid:None EditorOnly:false RuntimeOnly:false HLODRelevant:true ListedInSceneOutliner:true IsMainWorldOnly:false FolderPath:Pillars FolderGuid:BB8AF4C246C38D173850E8B115A3DCFE
 |   |   |- [+] [ 18]
 |   |   |   |- Guid:730CC2C9557938DFBECCF5B6A1D88E61 NativeClass:/Script/Engine.SkyLight Name:SkyLight_1 Label:SkyLight SpatiallyLoaded:false EditorBounds:IsValid=true, Min=(X=-1.000 Y=-1.000 Z=-1.000), Max=(X=1.000 Y=1.000 Z=690.000) RuntimeBounds:IsValid=true, Min=(X=0.000 Y=0.000 Z=690.000), Max=(X=0.000 Y=0.000 Z=690.000) RuntimeGrid:None EditorOnly:false RuntimeOnly:false HLODRelevant:false ListedInSceneOutliner:true IsMainWorldOnly:false FolderPath:Lighting FolderGuid:4C9334684BA61B42C769F799D2576455
 |   |   |- [+] [ 19]
 |   |   |   |- Guid:86F61A89B0323973BC08063C88704CB4 NativeClass:/Script/Engine.TextRenderActor Name:TextRenderActor_0 Label:TextRenderActor SpatiallyLoaded:true EditorBounds:IsValid=true, Min=(X=-128.100 Y=972.000 Z=12.013), Max=(X=127.900 Y=2225.000 Z=268.013) RuntimeBounds:IsValid=true, Min=(X=-0.100 Y=1100.000 Z=65.013), Max=(X=-0.100 Y=2225.000 Z=215.013) RuntimeGrid:None EditorOnly:false RuntimeOnly:false HLODRelevant:false ListedInSceneOutliner:true IsMainWorldOnly:false
 |   |   |- [+] [ 20]
 |   |   |   |- Guid:86FAD093AD313C08A6C45F0717D4E710 NativeClass:/Script/Engine.StaticMeshActor Name:StaticMeshActor_34 Label:SM_Cylinder4 SpatiallyLoaded:true EditorBounds:IsValid=true, Min=(X=1850.000 Y=2350.000 Z=0.000), Max=(X=1950.000 Y=2450.000 Z=300.000) RuntimeBounds:IsValid=true, Min=(X=1850.000 Y=2350.000 Z=0.000), Max=(X=1950.000 Y=2450.000 Z=300.000) RuntimeGrid:None EditorOnly:false RuntimeOnly:false HLODRelevant:true ListedInSceneOutliner:true IsMainWorldOnly:false FolderPath:Pillars FolderGuid:BB8AF4C246C38D173850E8B115A3DCFE
 |   |   |- [+] [ 21]
 |   |   |   |- Guid:870E9FAC911E3ECCA9C0D7FA13ABA628 NativeClass:/Script/Engine.StaticMeshActor Name:StaticMeshActor_40 Label:SM_Cylinder10 SpatiallyLoaded:true EditorBounds:IsValid=true, Min=(X=2250.000 Y=2650.000 Z=0.000), Max=(X=2350.000 Y=2750.000 Z=300.000) RuntimeBounds:IsValid=true, Min=(X=2250.000 Y=2650.000 Z=0.000), Max=(X=2350.000 Y=2750.000 Z=300.000) RuntimeGrid:None EditorOnly:false RuntimeOnly:false HLODRelevant:true ListedInSceneOutliner:true IsMainWorldOnly:false FolderPath:Pillars FolderGuid:BB8AF4C246C38D173850E8B115A3DCFE
 |   |   |- [+] [ 22]
 |   |   |   |- Guid:8E5FF5C157B131589CB17E79ACC70CC5 NativeClass:/Script/Engine.StaticMeshActor Name:StaticMeshActor_35 Label:SM_Cylinder5 SpatiallyLoaded:true EditorBounds:IsValid=true, Min=(X=1750.000 Y=2750.000 Z=0.000), Max=(X=1850.000 Y=2850.000 Z=300.000) RuntimeBounds:IsValid=true, Min=(X=1750.000 Y=2750.000 Z=0.000), Max=(X=1850.000 Y=2850.000 Z=300.000) RuntimeGrid:None EditorOnly:false RuntimeOnly:false HLODRelevant:true ListedInSceneOutliner:true IsMainWorldOnly:false FolderPath:Pillars FolderGuid:BB8AF4C246C38D173850E8B115A3DCFE
 |   |   |- [+] [ 23]
 |   |   |   |- Guid:94E12D25D6CC34A48FCF72C8B7454D37 NativeClass:/Script/Engine.PostProcessVolume Name:PostProcessVolume_1 Label:PostProcessVolume SpatiallyLoaded:false EditorBounds:IsValid=true, Min=(X=0.000 Y=0.000 Z=400.000), Max=(X=200.000 Y=200.000 Z=600.000) RuntimeBounds:IsValid=true, Min=(X=0.000 Y=0.000 Z=400.000), Max=(X=200.000 Y=200.000 Z=600.000) RuntimeGrid:None EditorOnly:false RuntimeOnly:false HLODRelevant:false ListedInSceneOutliner:true IsMainWorldOnly:false FolderPath:Lighting FolderGuid:4C9334684BA61B42C769F799D2576455
 |   |   |- [+] [ 24]
 |   |   |   |- Guid:ACBBE0DDDF783C389AEAFA43D8F6F89A NativeClass:/Script/Engine.StaticMeshActor Name:StaticMeshActor_44 Label:SM_ChamferCube3 SpatiallyLoaded:true EditorBounds:IsValid=true, Min=(X=711.512 Y=2824.945 Z=100.063), Max=(X=848.115 Y=2961.548 Z=200.063) RuntimeBounds:IsValid=true, Min=(X=711.512 Y=2824.945 Z=100.063), Max=(X=848.115 Y=2961.548 Z=200.063) RuntimeGrid:None EditorOnly:false RuntimeOnly:false HLODRelevant:false ListedInSceneOutliner:true IsMainWorldOnly:false
 |   |   |- [+] [ 25]
 |   |   |   |- Guid:AEA56750744433A4BC8B3C4EDA89F81D NativeClass:/Script/Engine.StaticMeshActor Name:StaticMeshActor_23 Label:SM_Cube6 SpatiallyLoaded:true EditorBounds:IsValid=true, Min=(X=2900.000 Y=100.000 Z=0.000), Max=(X=3000.000 Y=3400.000 Z=400.000) RuntimeBounds:IsValid=true, Min=(X=2900.000 Y=100.000 Z=0.000), Max=(X=3000.000 Y=3400.000 Z=400.000) RuntimeGrid:None EditorOnly:false RuntimeOnly:false HLODRelevant:true ListedInSceneOutliner:true IsMainWorldOnly:false FolderPath:Playground FolderGuid:9FE5E8B349AF71F05F2688921F3F2AC5
 |   |   |- [+] [ 26]
 |   |   |   |- Guid:BA258E328FAB3D239469C651ABBFA809 NativeClass:/Script/Niagara.NiagaraActor Name:NiagaraActor_UAID_7A79191F1164007E02_1806561551 Label:NS_MuzzleFlash_01 SpatiallyLoaded:true EditorBounds:IsValid=true, Min=(X=1062.000 Y=1842.000 Z=2.000), Max=(X=1550.000 Y=2098.000 Z=258.000) RuntimeBounds:IsValid=true, Min=(X=1189.000 Y=1969.000 Z=129.000), Max=(X=1191.000 Y=1971.000 Z=131.000) RuntimeGrid:None EditorOnly:false RuntimeOnly:false HLODRelevant:false ListedInSceneOutliner:true IsMainWorldOnly:false
 |   |   |- [+] [ 27]
 |   |   |   |- Guid:BDC5CBBA1B1839FA98C45FCA4343BCC9 NativeClass:/Script/NavigationSystem.NavMeshBoundsVolume Name:NavMeshBoundsVolume_1 Label:NavMeshBoundsVolume SpatiallyLoaded:false EditorBounds:IsValid=true, Min=(X=-100.000 Y=-3800.000 Z=-110.000), Max=(X=3100.000 Y=7300.000 Z=390.000) RuntimeBounds:IsValid=true, Min=(X=-100.000 Y=-3800.000 Z=-110.000), Max=(X=3100.000 Y=7300.000 Z=390.000) RuntimeGrid:None EditorOnly:false RuntimeOnly:false HLODRelevant:false ListedInSceneOutliner:true IsMainWorldOnly:false FolderPath:Navigation FolderGuid:AE45D61F453CC144CF8289862C276E89
 |   |   |- [+] [ 28]
 |   |   |   |- Guid:C559C13599DB3153A5C69AA7E9BDE1E3 NativeClass:/Script/Engine.WorldDataLayers Name:WorldDataLayers Label:WorldDataLayers SpatiallyLoaded:false EditorBounds:IsValid=false, Min=(X=0.000 Y=0.000 Z=0.000), Max=(X=0.000 Y=0.000 Z=0.000) RuntimeBounds:IsValid=false, Min=(X=0.000 Y=0.000 Z=0.000), Max=(X=0.000 Y=0.000 Z=0.000) RuntimeGrid:None EditorOnly:false RuntimeOnly:false HLODRelevant:false ListedInSceneOutliner:true IsMainWorldOnly:true
 |   |   |- [+] [ 29]
 |   |   |   |- Guid:C782AD579C3B3DD892B5BB14721340EF NativeClass:/Script/Engine.StaticMeshActor Name:StaticMeshActor_66 Label:SM_Cylinder15 SpatiallyLoaded:true EditorBounds:IsValid=true, Min=(X=2550.000 Y=2950.000 Z=0.000), Max=(X=2650.000 Y=3050.000 Z=300.000) RuntimeBounds:IsValid=true, Min=(X=2550.000 Y=2950.000 Z=0.000), Max=(X=2650.000 Y=3050.000 Z=300.000) RuntimeGrid:None EditorOnly:false RuntimeOnly:false HLODRelevant:true ListedInSceneOutliner:true IsMainWorldOnly:false FolderPath:Pillars FolderGuid:BB8AF4C246C38D173850E8B115A3DCFE
 |   |   |- [+] [ 30]
 |   |   |   |- Guid:CFFE8B0BB9C036D6A26D9BB2827C485E NativeClass:/Script/Engine.StaticMeshActor Name:StaticMeshActor_UAID_7A79191F1164E47D02_1475972624 Label:PM2_Office_Cubicles SpatiallyLoaded:true EditorBounds:IsValid=true, Min=(X=907.072 Y=-1100.092 Z=20.000), Max=(X=1709.375 Y=-699.702 Z=220.000) RuntimeBounds:IsValid=true, Min=(X=907.072 Y=-1100.092 Z=20.000), Max=(X=1709.375 Y=-699.702 Z=220.000) RuntimeGrid:None EditorOnly:false RuntimeOnly:false HLODRelevant:true ListedInSceneOutliner:true IsMainWorldOnly:false
 |   |   |- [+] [ 31]
 |   |   |   |- Guid:DB0683223D2D39B5B3F28E9347269E52 NativeClass:/Script/Niagara.NiagaraActor Name:NiagaraActor_UAID_7A79191F1164B27D02_1685772824 Label:NS_ReactiveElectricity SpatiallyLoaded:true EditorBounds:IsValid=true, Min=(X=1052.000 Y=2402.000 Z=62.000), Max=(X=1540.000 Y=2658.000 Z=318.000) RuntimeBounds:IsValid=true, Min=(X=1179.000 Y=2529.000 Z=189.000), Max=(X=1181.000 Y=2531.000 Z=191.000) RuntimeGrid:None EditorOnly:false RuntimeOnly:false HLODRelevant:false ListedInSceneOutliner:true IsMainWorldOnly:false
 |   |   |- [+] [ 32]
 |   |   |   |- Guid:DF600609362037CBA474BB7342A14AD4 NativeClass:/Script/Niagara.NiagaraActor Name:NiagaraActor_UAID_7A79191F1164AC7D02_1917151767 Label:NS_Sparks_01 SpatiallyLoaded:true EditorBounds:IsValid=true, Min=(X=1280.000 Y=1872.000 Z=42.000), Max=(X=1768.000 Y=2128.000 Z=298.000) RuntimeBounds:IsValid=true, Min=(X=1639.000 Y=1999.000 Z=169.000), Max=(X=1641.000 Y=2001.000 Z=171.000) RuntimeGrid:None EditorOnly:false RuntimeOnly:false HLODRelevant:false ListedInSceneOutliner:true IsMainWorldOnly:false
 |   |   |- [+] [ 33]
 |   |   |   |- Guid:EA18E14D5B333C18A4450171EF368F2C NativeClass:/Script/AIModule.NavLinkProxy Name:NavLinkProxy_3 Label:NavLinkProxy3 SpatiallyLoaded:true EditorBounds:IsValid=true, Min=(X=2112.000 Y=900.000 Z=-38.000), Max=(X=2368.000 Y=1158.000 Z=230.000) RuntimeBounds:IsValid=true, Min=(X=2240.000 Y=1030.000 Z=90.000), Max=(X=2240.000 Y=1030.000 Z=90.000) RuntimeGrid:None EditorOnly:false RuntimeOnly:false HLODRelevant:false ListedInSceneOutliner:true IsMainWorldOnly:false FolderPath:Navigation FolderGuid:AE45D61F453CC144CF8289862C276E89
 |   |   |- [+] [ 34]
 |   |   |   |- Guid:F2D55A742ADD3F5BB52D1BB9DFFF1045 NativeClass:/Script/Engine.StaticMeshActor Name:StaticMeshActor_UAID_7A79191F1164E47D02_1332806623 Label:M249_SAW_MODEL SpatiallyLoaded:true EditorBounds:IsValid=true, Min=(X=1182.055 Y=1857.703 Z=111.076), Max=(X=1197.945 Y=1963.387 Z=145.546) RuntimeBounds:IsValid=true, Min=(X=1182.055 Y=1857.703 Z=111.076), Max=(X=1197.945 Y=1963.387 Z=145.546) RuntimeGrid:None EditorOnly:false RuntimeOnly:false HLODRelevant:true ListedInSceneOutliner:true IsMainWorldOnly:false
 |- ContainerInstances:
 |- [+] MainContainer:
 |   |-        ID: 00000000000000000000000000000000
 |   |-  ParentID: 00000000000000000000000000000000
 |   |-    Bounds: IsValid=false, Min=(X=0.000 Y=0.000 Z=0.000), Max=(X=0.000 Y=0.000 Z=0.000)
 |   |- Transform: 0.000000,0.000000,0.000000|0.000000,0.000000,-0.000000|1.000000,1.000000,1.000000
 |   |- Container: /Game/MainLevel/TheOffice
----------------------------------------------------------------------------------------------------------------
TheOffice - Persistent Level
----------------------------------------------------------------------------------------------------------------
[+] Content of TheOffice Persistent Level
 |- Always loaded Actor Count: 35 
 |- Actor Path: /Game/MainLevel/TheOffice.TheOffice:PersistentLevel.DirectionalLight_1
 |- Actor Package: /Game/__ExternalActors__/MainLevel/TheOffice/C/4Q/I5WDJHNDB6WGS1DQKVWWR7
 |- Actor Path: /Game/MainLevel/TheOffice.TheOffice:PersistentLevel.ExponentialHeightFog_1
 |- Actor Package: /Game/__ExternalActors__/MainLevel/TheOffice/C/9A/JZLFQDN25PCGX6QGN14DMS
 |- Actor Path: /Game/MainLevel/TheOffice.TheOffice:PersistentLevel.NavLinkProxy_3
 |- Actor Package: /Game/__ExternalActors__/MainLevel/TheOffice/1/37/5IJ7V0T6G6J1EEM3JN123D
 |- Actor Path: /Game/MainLevel/TheOffice.TheOffice:PersistentLevel.NavMeshBoundsVolume_1
 |- Actor Package: /Game/__ExternalActors__/MainLevel/TheOffice/A/5N/4CHV69HAET4C9QDGG08R0T
 |- Actor Path: /Game/MainLevel/TheOffice.TheOffice:PersistentLevel.NiagaraActor_UAID_7A79191F1164007E02_1806561551
 |- Actor Package: /Game/__ExternalActors__/MainLevel/TheOffice/2/42/O78IHF5G0O5LBWR17YILPL
 |- Actor Path: /Game/MainLevel/TheOffice.TheOffice:PersistentLevel.NiagaraActor_UAID_7A79191F1164AC7D02_1917151767
 |- Actor Package: /Game/__ExternalActors__/MainLevel/TheOffice/0/BE/NGUCHZCDT6WGGTZ2K5XI64
 |- Actor Path: /Game/MainLevel/TheOffice.TheOffice:PersistentLevel.NiagaraActor_UAID_7A79191F1164B27D02_1685772824
 |- Actor Package: /Game/__ExternalActors__/MainLevel/TheOffice/D/7W/HSR4NKMYFIWSWL5TVRTLIE
 |- Actor Path: /Game/MainLevel/TheOffice.TheOffice:PersistentLevel.PlayerStart_0
 |- Actor Package: /Game/__ExternalActors__/MainLevel/TheOffice/1/S4/QQ9ZCLPWB6X6E9OK54CBN1
 |- Actor Path: /Game/MainLevel/TheOffice.TheOffice:PersistentLevel.PostProcessVolume_1
 |- Actor Package: /Game/__ExternalActors__/MainLevel/TheOffice/E/BG/KLPCMTMUPMW5GJDQJKGW64
 |- Actor Path: /Game/MainLevel/TheOffice.TheOffice:PersistentLevel.SkyAtmosphere_1
 |- Actor Package: /Game/__ExternalActors__/MainLevel/TheOffice/4/91/9YF5VHF9L1LTE27PS8QROE
 |- Actor Path: /Game/MainLevel/TheOffice.TheOffice:PersistentLevel.SkyLight_1
 |- Actor Package: /Game/__ExternalActors__/MainLevel/TheOffice/2/W0/XI6AZUFDFK28B90DNOD9IZ
 |- Actor Path: /Game/MainLevel/TheOffice.TheOffice:PersistentLevel.StaticMeshActor_17
 |- Actor Package: /Game/__ExternalActors__/MainLevel/TheOffice/9/LI/UTTQ112H9WE8JYHC19UTDX
 |- Actor Path: /Game/MainLevel/TheOffice.TheOffice:PersistentLevel.StaticMeshActor_19
 |- Actor Package: /Game/__ExternalActors__/MainLevel/TheOffice/A/RV/Q74X4OF3RZKS1P9YTNYTR5
 |- Actor Path: /Game/MainLevel/TheOffice.TheOffice:PersistentLevel.StaticMeshActor_2
 |- Actor Package: /Game/__ExternalActors__/MainLevel/TheOffice/A/3C/MWNQ5H2FDNYSYCYDNX3PZN
 |- Actor Path: /Game/MainLevel/TheOffice.TheOffice:PersistentLevel.StaticMeshActor_22
 |- Actor Package: /Game/__ExternalActors__/MainLevel/TheOffice/B/7F/JDX4VWFCYPOXONPQP87P9O
 |- Actor Path: /Game/MainLevel/TheOffice.TheOffice:PersistentLevel.StaticMeshActor_23
 |- Actor Package: /Game/__ExternalActors__/MainLevel/TheOffice/6/A5/LEAHGNZ8U55H66VMRG2555
 |- Actor Path: /Game/MainLevel/TheOffice.TheOffice:PersistentLevel.StaticMeshActor_3
 |- Actor Package: /Game/__ExternalActors__/MainLevel/TheOffice/B/T4/LLI0IMYBQKR8TGXBPGKYJP
 |- Actor Path: /Game/MainLevel/TheOffice.TheOffice:PersistentLevel.StaticMeshActor_34
 |- Actor Package: /Game/__ExternalActors__/MainLevel/TheOffice/7/HW/DTDQM4LMD4RNQM6BVOUSMZ
 |- Actor Path: /Game/MainLevel/TheOffice.TheOffice:PersistentLevel.StaticMeshActor_35
 |- Actor Package: /Game/__ExternalActors__/MainLevel/TheOffice/4/1T/34YXCICEQI9RYGEEQAASHE
 |- Actor Path: /Game/MainLevel/TheOffice.TheOffice:PersistentLevel.StaticMeshActor_37
 |- Actor Package: /Game/__ExternalActors__/MainLevel/TheOffice/B/TX/0E12LG33EGA919CUXQ2WV3
 |- Actor Path: /Game/MainLevel/TheOffice.TheOffice:PersistentLevel.StaticMeshActor_38
 |- Actor Package: /Game/__ExternalActors__/MainLevel/TheOffice/E/2B/XH1LO7ZNM3O00QG9P23R6A
 |- Actor Path: /Game/MainLevel/TheOffice.TheOffice:PersistentLevel.StaticMeshActor_39
 |- Actor Package: /Game/__ExternalActors__/MainLevel/TheOffice/3/JL/JY9TT5IPA4O483Q8TUEAYU
 |- Actor Path: /Game/MainLevel/TheOffice.TheOffice:PersistentLevel.StaticMeshActor_40
 |- Actor Package: /Game/__ExternalActors__/MainLevel/TheOffice/C/2P/URN6QODJ7PL6CP8LECOA9L
 |- Actor Path: /Game/MainLevel/TheOffice.TheOffice:PersistentLevel.StaticMeshActor_42
 |- Actor Package: /Game/__ExternalActors__/MainLevel/TheOffice/D/HC/5AZK2F2O4AFTCHLXXPZSUY
 |- Actor Path: /Game/MainLevel/TheOffice.TheOffice:PersistentLevel.StaticMeshActor_44
 |- Actor Package: /Game/__ExternalActors__/MainLevel/TheOffice/9/V9/6TIX9JG2JXQHPGOP31K2KP
 |- Actor Path: /Game/MainLevel/TheOffice.TheOffice:PersistentLevel.StaticMeshActor_59
 |- Actor Package: /Game/__ExternalActors__/MainLevel/TheOffice/5/XM/Q4NVBK624D2PWZA815QI4S
 |- Actor Path: /Game/MainLevel/TheOffice.TheOffice:PersistentLevel.StaticMeshActor_65
 |- Actor Package: /Game/__ExternalActors__/MainLevel/TheOffice/A/B3/YQ2ICBRIC6PPORR5MMHGRI
 |- Actor Path: /Game/MainLevel/TheOffice.TheOffice:PersistentLevel.StaticMeshActor_66
 |- Actor Package: /Game/__ExternalActors__/MainLevel/TheOffice/D/MA/1MFF7GCBSTOW0CM4IZFAA9
 |- Actor Path: /Game/MainLevel/TheOffice.TheOffice:PersistentLevel.StaticMeshActor_UAID_74D4DD3647C6FE7D02_1926020199
 |- Actor Package: /Game/__ExternalActors__/MainLevel/TheOffice/C/PQ/U5SXVZBZXFQ062EZH28XLD
 |- Actor Path: /Game/MainLevel/TheOffice.TheOffice:PersistentLevel.StaticMeshActor_UAID_7A79191F1164E47D02_1332806623
 |- Actor Package: /Game/__ExternalActors__/MainLevel/TheOffice/5/HB/3S0P9HOFALM35WBL108TCH
 |- Actor Path: /Game/MainLevel/TheOffice.TheOffice:PersistentLevel.StaticMeshActor_UAID_7A79191F1164E47D02_1475972624
 |- Actor Package: /Game/__ExternalActors__/MainLevel/TheOffice/3/SE/86RANYNC4Y0OBW7FHPTFYE
 |- Actor Path: /Game/MainLevel/TheOffice.TheOffice:PersistentLevel.StaticMeshActor_UAID_A4AE111137DC5CFB00_1660657071
 |- Actor Package: /Game/__ExternalActors__/MainLevel/TheOffice/C/S6/UDNHWZBPD644VBC0RRWD93
 |- Actor Path: /Game/MainLevel/TheOffice.TheOffice:PersistentLevel.TextRenderActor_0
 |- Actor Package: /Game/__ExternalActors__/MainLevel/TheOffice/6/H2/F15VF0WY63OTL1ZX8JJ4J8
 |- Actor Path: /Game/MainLevel/TheOffice.TheOffice:PersistentLevel.VolumetricCloud_0
 |- Actor Package: /Game/__ExternalActors__/MainLevel/TheOffice/9/TY/XPYKNNSERCX8CTFVN8CTZD
 |- Actor Path: /Game/MainLevel/TheOffice.TheOffice:PersistentLevel.WorldDataLayers
 |- Actor Package: /Game/__ExternalActors__/MainLevel/TheOffice/3/CA/Q785FWM1H01EZMZHRBQ25F

----------------------------------------------------------------------------------------------------------------
TheOffice - Runtime Hash Set
----------------------------------------------------------------------------------------------------------------

